<?xml version="1.0" encoding="UTF-8"?>
<testsuite name="com.api.product.ProductApiTest" tests="2" skipped="0" failures="0" errors="0" timestamp="2023-08-22T16:08:34" hostname="ichunglyeol-ui-MacBookAir.local" time="0.223">
  <properties/>
  <testcase name="상품 조회 Api - 존재하는 않는 상품코드" classname="com.api.product.ProductApiTest" time="0.193"/>
  <testcase name="상품 조회 Api - 존재하는 상품코드" classname="com.api.product.ProductApiTest" time="0.029"/>
  <system-out><![CDATA[[DEBUG] 2023-08-23 01:08:33.880 :         o.s.t.c.BootstrapUtils - Instantiating CacheAwareContextLoaderDelegate from class [org.springframework.test.context.cache.DefaultCacheAwareContextLoaderDelegate]
[DEBUG] 2023-08-23 01:08:33.880 :         o.s.t.c.BootstrapUtils - Instantiating BootstrapContext using constructor [public org.springframework.test.context.support.DefaultBootstrapContext(java.lang.Class,org.springframework.test.context.CacheAwareContextLoaderDelegate)]
[DEBUG] 2023-08-23 01:08:33.880 :         o.s.t.c.BootstrapUtils - Instantiating TestContextBootstrapper for test class [com.api.product.ProductApiTest] from class [org.springframework.boot.test.context.SpringBootTestContextBootstrapper]
[INFO ] 2023-08-23 01:08:33.881 : o.s.b.t.c.SpringBootTestContextBootstrapper - Neither @ContextConfiguration nor @ContextHierarchy found for test class [com.api.product.ProductApiTest], using SpringBootContextLoader
[DEBUG] 2023-08-23 01:08:33.881 : o.s.t.c.s.AbstractContextLoader - Did not detect default resource location for test class [com.api.product.ProductApiTest]: class path resource [com/api/product/ProductApiTest-context.xml] does not exist
[DEBUG] 2023-08-23 01:08:33.881 : o.s.t.c.s.AbstractContextLoader - Did not detect default resource location for test class [com.api.product.ProductApiTest]: class path resource [com/api/product/ProductApiTestContext.groovy] does not exist
[INFO ] 2023-08-23 01:08:33.881 : o.s.t.c.s.AbstractContextLoader - Could not detect default resource locations for test class [com.api.product.ProductApiTest]: no resource found for suffixes {-context.xml, Context.groovy}.
[INFO ] 2023-08-23 01:08:33.881 : o.s.t.c.s.AnnotationConfigContextLoaderUtils - Could not detect default configuration classes for test class [com.api.product.ProductApiTest]: ProductApiTest does not declare any static, non-private, non-final, nested classes annotated with @Configuration.
[DEBUG] 2023-08-23 01:08:33.883 :  o.s.t.c.s.ActiveProfilesUtils - Could not find an 'annotation declaring class' for annotation type [org.springframework.test.context.ActiveProfiles] and class [com.api.product.ProductApiTest]
[DEBUG] 2023-08-23 01:08:33.885 : o.s.c.a.ClassPathScanningCandidateComponentProvider - Identified candidate component class: file [/Users/crlee/Desktop/dev/daou/api-server/build/classes/java/main/com/api/ApiApplication.class]
[INFO ] 2023-08-23 01:08:33.885 : o.s.b.t.c.SpringBootTestContextBootstrapper - Found @SpringBootConfiguration com.api.ApiApplication for test class com.api.product.ProductApiTest
[DEBUG] 2023-08-23 01:08:33.887 : o.s.b.t.c.SpringBootTestContextBootstrapper - @TestExecutionListeners is not present for class [com.api.product.ProductApiTest]: using defaults.
[INFO ] 2023-08-23 01:08:33.887 : o.s.b.t.c.SpringBootTestContextBootstrapper - Loaded default TestExecutionListener class names from location [META-INF/spring.factories]: [org.springframework.boot.test.autoconfigure.restdocs.RestDocsTestExecutionListener, org.springframework.boot.test.autoconfigure.web.client.MockRestServiceServerResetTestExecutionListener, org.springframework.boot.test.autoconfigure.web.servlet.MockMvcPrintOnlyOnFailureTestExecutionListener, org.springframework.boot.test.autoconfigure.web.servlet.WebDriverTestExecutionListener, org.springframework.boot.test.autoconfigure.webservices.client.MockWebServiceServerTestExecutionListener, org.springframework.boot.test.mock.mockito.MockitoTestExecutionListener, org.springframework.boot.test.mock.mockito.ResetMocksTestExecutionListener, org.springframework.test.context.web.ServletTestExecutionListener, org.springframework.test.context.support.DirtiesContextBeforeModesTestExecutionListener, org.springframework.test.context.event.ApplicationEventsTestExecutionListener, org.springframework.test.context.support.DependencyInjectionTestExecutionListener, org.springframework.test.context.support.DirtiesContextTestExecutionListener, org.springframework.test.context.transaction.TransactionalTestExecutionListener, org.springframework.test.context.jdbc.SqlScriptsTestExecutionListener, org.springframework.test.context.event.EventPublishingTestExecutionListener]
[INFO ] 2023-08-23 01:08:33.887 : o.s.b.t.c.SpringBootTestContextBootstrapper - Using TestExecutionListeners: [org.springframework.test.context.web.ServletTestExecutionListener@2db461b5, org.springframework.test.context.support.DirtiesContextBeforeModesTestExecutionListener@5c79c5ec, org.springframework.test.context.event.ApplicationEventsTestExecutionListener@34eaf9c1, org.springframework.boot.test.mock.mockito.MockitoTestExecutionListener@5bbf744b, org.springframework.boot.test.autoconfigure.SpringBootDependencyInjectionTestExecutionListener@55881f40, org.springframework.test.context.support.DirtiesContextTestExecutionListener@474ce6b8, org.springframework.test.context.transaction.TransactionalTestExecutionListener@248b2b61, org.springframework.test.context.jdbc.SqlScriptsTestExecutionListener@4b61e97, org.springframework.test.context.event.EventPublishingTestExecutionListener@11d1735e, org.springframework.boot.test.autoconfigure.restdocs.RestDocsTestExecutionListener@31082efa, org.springframework.boot.test.autoconfigure.web.client.MockRestServiceServerResetTestExecutionListener@4ca5cb99, org.springframework.boot.test.autoconfigure.web.servlet.MockMvcPrintOnlyOnFailureTestExecutionListener@7853363c, org.springframework.boot.test.autoconfigure.web.servlet.WebDriverTestExecutionListener@6282f1eb, org.springframework.boot.test.autoconfigure.webservices.client.MockWebServiceServerTestExecutionListener@120d6cbf, org.springframework.boot.test.mock.mockito.ResetMocksTestExecutionListener@70169464]
[DEBUG] 2023-08-23 01:08:33.887 : o.s.t.c.s.DependencyInjectionTestExecutionListener - Performing dependency injection for test context [[DefaultTestContext@1115be8c testClass = ProductApiTest, testInstance = com.api.product.ProductApiTest@64ed18ec, testMethod = [null], testException = [null], mergedContextConfiguration = [WebMergedContextConfiguration@1dfcf85a testClass = ProductApiTest, locations = '{}', classes = '{class com.api.ApiApplication}', contextInitializerClasses = '[]', activeProfiles = '{}', propertySourceLocations = '{}', propertySourceProperties = '{org.springframework.boot.test.context.SpringBootTestContextBootstrapper=true, server.port=0}', contextCustomizers = set[org.springframework.boot.test.autoconfigure.actuate.metrics.MetricsExportContextCustomizerFactory$DisableMetricExportContextCustomizer@27d4a09, org.springframework.boot.test.autoconfigure.properties.PropertyMappingContextCustomizer@0, org.springframework.boot.test.autoconfigure.web.servlet.WebDriverContextCustomizerFactory$Customizer@6c0d9d86, org.springframework.boot.test.context.filter.ExcludeFilterContextCustomizer@2250b9f2, org.springframework.boot.test.json.DuplicateJsonObjectContextCustomizerFactory$DuplicateJsonObjectContextCustomizer@142269f2, org.springframework.boot.test.mock.mockito.MockitoContextCustomizer@0, org.springframework.boot.test.web.client.TestRestTemplateContextCustomizer@37caecda, org.springframework.boot.test.context.SpringBootTestArgs@1, org.springframework.boot.test.context.SpringBootTestWebEnvironment@25084a1e], resourceBasePath = 'src/main/webapp', contextLoader = 'org.springframework.boot.test.context.SpringBootContextLoader', parent = [null]], attributes = map['org.springframework.test.context.web.ServletTestExecutionListener.activateListener' -> false, 'org.springframework.test.context.event.ApplicationEventsTestExecutionListener.recordApplicationEvents' -> false]]].
[DEBUG] 2023-08-23 01:08:33.889 :             c.z.h.p.HikariPool - HikariPool-1 - Added connection com.mysql.cj.jdbc.ConnectionImpl@33b84700
[DEBUG] 2023-08-23 01:08:33.891 : o.s.t.c.s.TestPropertySourceUtils - Adding inlined properties to environment: {spring.jmx.enabled=false, org.springframework.boot.test.context.SpringBootTestContextBootstrapper=true, server.port=0}
[DEBUG] 2023-08-23 01:08:33.896 : o.s.b.w.s.c.ApplicationServletEnvironment - Activating profiles []

  .   ____          _            __ _ _
 /\\ / ___'_ __ _ _(_)_ __  __ _ \ \ \ \
( ( )\___ | '_ | '_| | '_ \/ _` | \ \ \ \
 \\/  ___)| |_)| | | | | || (_| |  ) ) ) )
  '  |____| .__|_| |_|_| |_\__, | / / / /
 =========|_|==============|___/=/_/_/_/
 :: Spring Boot ::                (v2.7.6)

[INFO ] 2023-08-23 01:08:33.903 :           c.a.p.ProductApiTest - Starting ProductApiTest using Java 17.0.3 on ichunglyeol-ui-MacBookAir.local with PID 18501 (started by crlee in /Users/crlee/Desktop/dev/daou/api-server)
[DEBUG] 2023-08-23 01:08:33.903 :           c.a.p.ProductApiTest - Running with Spring Boot v2.7.6, Spring v5.3.24
[INFO ] 2023-08-23 01:08:33.903 :           c.a.p.ProductApiTest - No active profile set, falling back to 1 default profile: "default"
[DEBUG] 2023-08-23 01:08:33.903 :        o.s.b.SpringApplication - Loading source class com.api.ApiApplication
[DEBUG] 2023-08-23 01:08:33.904 : o.s.b.w.s.c.AnnotationConfigServletWebServerApplicationContext - Refreshing org.springframework.boot.web.servlet.context.AnnotationConfigServletWebServerApplicationContext@2d459bda
[DEBUG] 2023-08-23 01:08:33.907 : o.s.b.f.s.DefaultListableBeanFactory - Creating shared instance of singleton bean 'org.springframework.context.annotation.internalConfigurationAnnotationProcessor'
[DEBUG] 2023-08-23 01:08:33.907 : o.s.b.f.s.DefaultListableBeanFactory - Creating shared instance of singleton bean 'org.springframework.boot.autoconfigure.internalCachingMetadataReaderFactory'
[DEBUG] 2023-08-23 01:08:33.913 :             c.z.h.p.HikariPool - HikariPool-1 - Added connection com.mysql.cj.jdbc.ConnectionImpl@62df3d6c
[DEBUG] 2023-08-23 01:08:33.914 : o.s.c.a.ClassPathBeanDefinitionScanner - Identified candidate component class: file [/Users/crlee/Desktop/dev/daou/api-server/build/classes/java/main/com/api/config/cors/CorsConfig.class]
[DEBUG] 2023-08-23 01:08:33.916 : o.s.c.a.ClassPathBeanDefinitionScanner - Identified candidate component class: file [/Users/crlee/Desktop/dev/daou/api-server/build/classes/java/main/com/api/location/service/impl/LocationServiceImpl.class]
[DEBUG] 2023-08-23 01:08:33.917 : o.s.c.a.ClassPathBeanDefinitionScanner - Identified candidate component class: file [/Users/crlee/Desktop/dev/daou/api-server/build/classes/java/main/com/api/product/ProductController.class]
[DEBUG] 2023-08-23 01:08:33.918 : o.s.c.a.ClassPathBeanDefinitionScanner - Identified candidate component class: file [/Users/crlee/Desktop/dev/daou/api-server/build/classes/java/main/com/api/product/service/impl/ProductServiceImpl.class]
[DEBUG] 2023-08-23 01:08:33.918 : o.s.c.a.ClassPathBeanDefinitionScanner - Identified candidate component class: file [/Users/crlee/Desktop/dev/daou/api-server/build/classes/java/main/com/api/stock/StockController.class]
[DEBUG] 2023-08-23 01:08:33.918 : o.s.c.a.ClassPathBeanDefinitionScanner - Identified candidate component class: file [/Users/crlee/Desktop/dev/daou/api-server/build/classes/java/main/com/api/stock/service/impl/StockServiceImpl.class]
[DEBUG] 2023-08-23 01:08:33.941 :             c.z.h.p.HikariPool - HikariPool-1 - Added connection com.mysql.cj.jdbc.ConnectionImpl@4be02ea8
[DEBUG] 2023-08-23 01:08:33.964 :             c.z.h.p.HikariPool - HikariPool-1 - Added connection com.mysql.cj.jdbc.ConnectionImpl@6691a30a
[DEBUG] 2023-08-23 01:08:33.985 :             c.z.h.p.HikariPool - HikariPool-1 - Added connection com.mysql.cj.jdbc.ConnectionImpl@191f2c4d
[DEBUG] 2023-08-23 01:08:34.007 :             c.z.h.p.HikariPool - HikariPool-1 - Added connection com.mysql.cj.jdbc.ConnectionImpl@796470fe
[DEBUG] 2023-08-23 01:08:34.020 : o.s.b.f.s.DefaultListableBeanFactory - Creating shared instance of singleton bean 'org.springframework.boot.autoconfigure.AutoConfigurationPackages'
[DEBUG] 2023-08-23 01:08:34.020 : o.s.b.a.AutoConfigurationPackages - @EnableAutoConfiguration was declared on a class in the package 'com.api'. Automatic @Repository and @Entity scanning is enabled.
[DEBUG] 2023-08-23 01:08:34.020 : o.m.s.b.a.MybatisAutoConfiguration - Searching for mappers annotated with @Mapper
[DEBUG] 2023-08-23 01:08:34.020 : o.m.s.b.a.MybatisAutoConfiguration - Using auto-configuration base package 'com.api'
[DEBUG] 2023-08-23 01:08:34.030 :             c.z.h.p.HikariPool - HikariPool-1 - Added connection com.mysql.cj.jdbc.ConnectionImpl@34dc3a2b
[DEBUG] 2023-08-23 01:08:34.057 : o.s.b.f.s.DefaultListableBeanFactory - Creating shared instance of singleton bean 'org.springframework.boot.test.web.client.TestRestTemplateContextCustomizer$TestRestTemplateRegistrar'
[DEBUG] 2023-08-23 01:08:34.058 : o.s.b.f.s.DefaultListableBeanFactory - Creating shared instance of singleton bean 'org.mybatis.spring.mapper.MapperScannerConfigurer'
[DEBUG] 2023-08-23 01:08:34.059 : o.s.b.f.s.DefaultListableBeanFactory - Creating shared instance of singleton bean 'propertySourcesPlaceholderConfigurer'
[DEBUG] 2023-08-23 01:08:34.063 : o.m.s.m.ClassPathMapperScanner - Identified candidate component class: file [/Users/crlee/Desktop/dev/daou/api-server/build/classes/java/main/com/api/location/mapper/LocationMapper.class]
[DEBUG] 2023-08-23 01:08:34.063 : o.m.s.m.ClassPathMapperScanner - Identified candidate component class: file [/Users/crlee/Desktop/dev/daou/api-server/build/classes/java/main/com/api/product/mapper/ProductMapper.class]
[DEBUG] 2023-08-23 01:08:34.063 : o.m.s.m.ClassPathMapperScanner - Identified candidate component class: file [/Users/crlee/Desktop/dev/daou/api-server/build/classes/java/main/com/api/stock/mapper/StockMapper.class]
[DEBUG] 2023-08-23 01:08:34.064 : o.m.s.m.ClassPathMapperScanner - Creating MapperFactoryBean with name 'locationMapper' and 'com.api.location.mapper.LocationMapper' mapperInterface
[DEBUG] 2023-08-23 01:08:34.064 : o.m.s.m.ClassPathMapperScanner - Creating MapperFactoryBean with name 'productMapper' and 'com.api.product.mapper.ProductMapper' mapperInterface
[DEBUG] 2023-08-23 01:08:34.064 : o.m.s.m.ClassPathMapperScanner - Creating MapperFactoryBean with name 'stockMapper' and 'com.api.stock.mapper.StockMapper' mapperInterface
[DEBUG] 2023-08-23 01:08:34.068 : o.s.b.f.s.DefaultListableBeanFactory - Creating shared instance of singleton bean 'org.springframework.boot.test.mock.mockito.MockitoPostProcessor'
[DEBUG] 2023-08-23 01:08:34.070 : o.s.b.f.s.DefaultListableBeanFactory - Creating shared instance of singleton bean 'org.springframework.boot.sql.init.dependency.DatabaseInitializationDependencyConfigurer$DependsOnDatabaseInitializationPostProcessor'
[DEBUG] 2023-08-23 01:08:34.085 :             c.z.h.p.HikariPool - HikariPool-1 - Added connection com.mysql.cj.jdbc.ConnectionImpl@3d2cb4d0
[DEBUG] 2023-08-23 01:08:34.097 : o.s.b.f.s.DefaultListableBeanFactory - Creating shared instance of singleton bean 'org.springframework.context.event.internalEventListenerProcessor'
[DEBUG] 2023-08-23 01:08:34.098 : o.s.b.f.s.DefaultListableBeanFactory - Creating shared instance of singleton bean 'preserveErrorControllerTargetClassPostProcessor'
[DEBUG] 2023-08-23 01:08:34.098 : o.s.b.f.s.DefaultListableBeanFactory - Creating shared instance of singleton bean 'forceAutoProxyCreatorToUseClassProxying'
[DEBUG] 2023-08-23 01:08:34.100 : o.s.b.f.s.DefaultListableBeanFactory - Creating shared instance of singleton bean 'org.springframework.context.event.internalEventListenerFactory'
[DEBUG] 2023-08-23 01:08:34.100 : o.s.b.f.s.DefaultListableBeanFactory - Creating shared instance of singleton bean 'org.springframework.transaction.config.internalTransactionalEventListenerFactory'
[DEBUG] 2023-08-23 01:08:34.100 : o.s.b.f.s.DefaultListableBeanFactory - Creating shared instance of singleton bean 'org.springframework.context.annotation.internalAutowiredAnnotationProcessor'
[DEBUG] 2023-08-23 01:08:34.101 : o.s.b.f.s.DefaultListableBeanFactory - Creating shared instance of singleton bean 'org.springframework.context.annotation.internalCommonAnnotationProcessor'
[DEBUG] 2023-08-23 01:08:34.101 : o.s.b.f.s.DefaultListableBeanFactory - Creating shared instance of singleton bean 'org.springframework.boot.test.mock.mockito.MockitoPostProcessor$SpyPostProcessor'
[DEBUG] 2023-08-23 01:08:34.102 : o.s.b.f.s.DefaultListableBeanFactory - Creating shared instance of singleton bean 'org.springframework.boot.context.properties.ConfigurationPropertiesBindingPostProcessor'
[DEBUG] 2023-08-23 01:08:34.102 : o.s.b.f.s.DefaultListableBeanFactory - Creating shared instance of singleton bean 'org.springframework.boot.context.internalConfigurationPropertiesBinder'
[DEBUG] 2023-08-23 01:08:34.102 : o.s.b.f.s.DefaultListableBeanFactory - Creating shared instance of singleton bean 'org.springframework.boot.context.internalConfigurationPropertiesBinderFactory'
[DEBUG] 2023-08-23 01:08:34.102 : o.s.b.f.s.DefaultListableBeanFactory - Creating shared instance of singleton bean 'persistenceExceptionTranslationPostProcessor'
[DEBUG] 2023-08-23 01:08:34.104 : o.s.b.f.s.DefaultListableBeanFactory - Autowiring by type from bean name 'persistenceExceptionTranslationPostProcessor' via factory method to bean named 'environment'
[DEBUG] 2023-08-23 01:08:34.113 : o.s.b.f.s.DefaultListableBeanFactory - Creating shared instance of singleton bean 'org.springframework.aop.config.internalAutoProxyCreator'
[DEBUG] 2023-08-23 01:08:34.121 : o.s.b.f.s.DefaultListableBeanFactory - Creating shared instance of singleton bean 'webServerFactoryCustomizerBeanPostProcessor'
[DEBUG] 2023-08-23 01:08:34.123 : o.s.b.f.s.DefaultListableBeanFactory - Creating shared instance of singleton bean 'errorPageRegistrarBeanPostProcessor'
[DEBUG] 2023-08-23 01:08:34.125 : o.s.u.c.s.UiApplicationContextUtils - Unable to locate ThemeSource with name 'themeSource': using default [org.springframework.ui.context.support.ResourceBundleThemeSource@75aa7703]
[DEBUG] 2023-08-23 01:08:34.125 : o.s.b.f.s.DefaultListableBeanFactory - Creating shared instance of singleton bean 'tomcatServletWebServerFactory'
[DEBUG] 2023-08-23 01:08:34.126 : o.s.b.f.s.DefaultListableBeanFactory - Creating shared instance of singleton bean 'org.springframework.boot.autoconfigure.web.servlet.ServletWebServerFactoryConfiguration$EmbeddedTomcat'
[DEBUG] 2023-08-23 01:08:34.126 : o.s.b.f.s.DefaultListableBeanFactory - Creating shared instance of singleton bean 'org.springframework.transaction.config.internalTransactionAdvisor'
[DEBUG] 2023-08-23 01:08:34.126 : o.s.b.f.s.DefaultListableBeanFactory - Creating shared instance of singleton bean 'org.springframework.transaction.annotation.ProxyTransactionManagementConfiguration'
[DEBUG] 2023-08-23 01:08:34.129 : o.s.b.f.s.DefaultListableBeanFactory - Creating shared instance of singleton bean 'transactionAttributeSource'
[DEBUG] 2023-08-23 01:08:34.130 : o.s.b.f.s.DefaultListableBeanFactory - Creating shared instance of singleton bean 'transactionInterceptor'
[DEBUG] 2023-08-23 01:08:34.131 : o.s.b.f.s.DefaultListableBeanFactory - Autowiring by type from bean name 'transactionInterceptor' via factory method to bean named 'transactionAttributeSource'
[DEBUG] 2023-08-23 01:08:34.132 :             c.z.h.p.HikariPool - HikariPool-1 - Added connection com.mysql.cj.jdbc.ConnectionImpl@2cf10e9c
[DEBUG] 2023-08-23 01:08:34.132 :             c.z.h.p.HikariPool - HikariPool-1 - After adding stats (total=10, active=0, idle=10, waiting=0)
[DEBUG] 2023-08-23 01:08:34.133 : o.s.b.f.s.DefaultListableBeanFactory - Autowiring by type from bean name 'org.springframework.transaction.config.internalTransactionAdvisor' via factory method to bean named 'transactionAttributeSource'
[DEBUG] 2023-08-23 01:08:34.133 : o.s.b.f.s.DefaultListableBeanFactory - Autowiring by type from bean name 'org.springframework.transaction.config.internalTransactionAdvisor' via factory method to bean named 'transactionInterceptor'
[DEBUG] 2023-08-23 01:08:34.155 : o.s.b.f.s.DefaultListableBeanFactory - Creating shared instance of singleton bean 'websocketServletWebServerCustomizer'
[DEBUG] 2023-08-23 01:08:34.155 : o.s.b.f.s.DefaultListableBeanFactory - Creating shared instance of singleton bean 'org.springframework.boot.autoconfigure.websocket.servlet.WebSocketServletAutoConfiguration$TomcatWebSocketConfiguration'
[DEBUG] 2023-08-23 01:08:34.157 : o.s.b.f.s.DefaultListableBeanFactory - Creating shared instance of singleton bean 'servletWebServerFactoryCustomizer'
[DEBUG] 2023-08-23 01:08:34.158 : o.s.b.f.s.DefaultListableBeanFactory - Creating shared instance of singleton bean 'org.springframework.boot.autoconfigure.web.servlet.ServletWebServerFactoryAutoConfiguration'
[DEBUG] 2023-08-23 01:08:34.159 : o.s.b.f.s.DefaultListableBeanFactory - Creating shared instance of singleton bean 'server-org.springframework.boot.autoconfigure.web.ServerProperties'
[DEBUG] 2023-08-23 01:08:34.161 : o.s.b.f.s.DefaultListableBeanFactory - Creating shared instance of singleton bean 'org.springframework.boot.context.properties.BoundConfigurationProperties'
[DEBUG] 2023-08-23 01:08:34.164 : o.s.b.f.s.DefaultListableBeanFactory - Autowiring by type from bean name 'servletWebServerFactoryCustomizer' via factory method to bean named 'server-org.springframework.boot.autoconfigure.web.ServerProperties'
[DEBUG] 2023-08-23 01:08:34.165 : o.s.b.f.s.DefaultListableBeanFactory - Creating shared instance of singleton bean 'tomcatServletWebServerFactoryCustomizer'
[DEBUG] 2023-08-23 01:08:34.166 : o.s.b.f.s.DefaultListableBeanFactory - Autowiring by type from bean name 'tomcatServletWebServerFactoryCustomizer' via factory method to bean named 'server-org.springframework.boot.autoconfigure.web.ServerProperties'
[DEBUG] 2023-08-23 01:08:34.167 : o.s.b.f.s.DefaultListableBeanFactory - Creating shared instance of singleton bean 'tomcatWebServerFactoryCustomizer'
[DEBUG] 2023-08-23 01:08:34.167 : o.s.b.f.s.DefaultListableBeanFactory - Creating shared instance of singleton bean 'org.springframework.boot.autoconfigure.web.embedded.EmbeddedWebServerFactoryCustomizerAutoConfiguration$TomcatWebServerFactoryCustomizerConfiguration'
[DEBUG] 2023-08-23 01:08:34.169 : o.s.b.f.s.DefaultListableBeanFactory - Autowiring by type from bean name 'tomcatWebServerFactoryCustomizer' via factory method to bean named 'environment'
[DEBUG] 2023-08-23 01:08:34.170 : o.s.b.f.s.DefaultListableBeanFactory - Autowiring by type from bean name 'tomcatWebServerFactoryCustomizer' via factory method to bean named 'server-org.springframework.boot.autoconfigure.web.ServerProperties'
[DEBUG] 2023-08-23 01:08:34.171 : o.s.b.f.s.DefaultListableBeanFactory - Creating shared instance of singleton bean 'localeCharsetMappingsCustomizer'
[DEBUG] 2023-08-23 01:08:34.171 : o.s.b.f.s.DefaultListableBeanFactory - Creating shared instance of singleton bean 'org.springframework.boot.autoconfigure.web.servlet.HttpEncodingAutoConfiguration'
[DEBUG] 2023-08-23 01:08:34.172 : o.s.b.f.s.DefaultListableBeanFactory - Autowiring by type from bean name 'org.springframework.boot.autoconfigure.web.servlet.HttpEncodingAutoConfiguration' via constructor to bean named 'server-org.springframework.boot.autoconfigure.web.ServerProperties'
[DEBUG] 2023-08-23 01:08:34.186 : o.s.b.f.s.DefaultListableBeanFactory - Creating shared instance of singleton bean 'errorPageCustomizer'
[DEBUG] 2023-08-23 01:08:34.186 : o.s.b.f.s.DefaultListableBeanFactory - Creating shared instance of singleton bean 'org.springframework.boot.autoconfigure.web.servlet.error.ErrorMvcAutoConfiguration'
[DEBUG] 2023-08-23 01:08:34.187 : o.s.b.f.s.DefaultListableBeanFactory - Autowiring by type from bean name 'org.springframework.boot.autoconfigure.web.servlet.error.ErrorMvcAutoConfiguration' via constructor to bean named 'server-org.springframework.boot.autoconfigure.web.ServerProperties'
[DEBUG] 2023-08-23 01:08:34.187 : o.s.b.f.s.DefaultListableBeanFactory - Creating shared instance of singleton bean 'dispatcherServletRegistration'
[DEBUG] 2023-08-23 01:08:34.188 : o.s.b.f.s.DefaultListableBeanFactory - Creating shared instance of singleton bean 'org.springframework.boot.autoconfigure.web.servlet.DispatcherServletAutoConfiguration$DispatcherServletRegistrationConfiguration'
[DEBUG] 2023-08-23 01:08:34.189 : o.s.b.f.s.DefaultListableBeanFactory - Creating shared instance of singleton bean 'dispatcherServlet'
[DEBUG] 2023-08-23 01:08:34.189 : o.s.b.f.s.DefaultListableBeanFactory - Creating shared instance of singleton bean 'org.springframework.boot.autoconfigure.web.servlet.DispatcherServletAutoConfiguration$DispatcherServletConfiguration'
[DEBUG] 2023-08-23 01:08:34.189 : o.s.b.f.s.DefaultListableBeanFactory - Creating shared instance of singleton bean 'spring.mvc-org.springframework.boot.autoconfigure.web.servlet.WebMvcProperties'
[DEBUG] 2023-08-23 01:08:34.191 : o.s.b.f.s.DefaultListableBeanFactory - Autowiring by type from bean name 'dispatcherServlet' via factory method to bean named 'spring.mvc-org.springframework.boot.autoconfigure.web.servlet.WebMvcProperties'
[DEBUG] 2023-08-23 01:08:34.201 : o.s.b.f.s.DefaultListableBeanFactory - Autowiring by type from bean name 'dispatcherServletRegistration' via factory method to bean named 'dispatcherServlet'
[DEBUG] 2023-08-23 01:08:34.201 : o.s.b.f.s.DefaultListableBeanFactory - Autowiring by type from bean name 'dispatcherServletRegistration' via factory method to bean named 'spring.mvc-org.springframework.boot.autoconfigure.web.servlet.WebMvcProperties'
[DEBUG] 2023-08-23 01:08:34.202 : o.s.b.f.s.DefaultListableBeanFactory - Creating shared instance of singleton bean 'multipartConfigElement'
[DEBUG] 2023-08-23 01:08:34.202 : o.s.b.f.s.DefaultListableBeanFactory - Creating shared instance of singleton bean 'org.springframework.boot.autoconfigure.web.servlet.MultipartAutoConfiguration'
[DEBUG] 2023-08-23 01:08:34.202 : o.s.b.f.s.DefaultListableBeanFactory - Creating shared instance of singleton bean 'spring.servlet.multipart-org.springframework.boot.autoconfigure.web.servlet.MultipartProperties'
[DEBUG] 2023-08-23 01:08:34.204 : o.s.b.f.s.DefaultListableBeanFactory - Autowiring by type from bean name 'org.springframework.boot.autoconfigure.web.servlet.MultipartAutoConfiguration' via constructor to bean named 'spring.servlet.multipart-org.springframework.boot.autoconfigure.web.servlet.MultipartProperties'
[DEBUG] 2023-08-23 01:08:34.209 : o.s.b.f.s.DefaultListableBeanFactory - Autowiring by type from bean name 'errorPageCustomizer' via factory method to bean named 'dispatcherServletRegistration'
[DEBUG] 2023-08-23 01:08:34.246 : o.s.b.w.e.t.TomcatServletWebServerFactory - Code archive: /Users/crlee/.gradle/caches/modules-2/files-2.1/org.springframework.boot/spring-boot/2.7.6/f96f89eba708a591704db5dcbfc03e8822a503aa/spring-boot-2.7.6.jar
[DEBUG] 2023-08-23 01:08:34.247 : o.s.b.w.e.t.TomcatServletWebServerFactory - Code archive: /Users/crlee/.gradle/caches/modules-2/files-2.1/org.springframework.boot/spring-boot/2.7.6/f96f89eba708a591704db5dcbfc03e8822a503aa/spring-boot-2.7.6.jar
[DEBUG] 2023-08-23 01:08:34.247 : o.s.b.w.e.t.TomcatServletWebServerFactory - None of the document roots [src/main/webapp, public, static] point to a directory and will be ignored.
[INFO ] 2023-08-23 01:08:34.259 :    o.s.b.w.e.t.TomcatWebServer - Tomcat initialized with port(s): 0 (http)
[INFO ] 2023-08-23 01:08:34.264 :      o.a.c.h.Http11NioProtocol - Initializing ProtocolHandler ["http-nio-auto-1"]
[INFO ] 2023-08-23 01:08:34.265 :        o.a.c.c.StandardService - Starting service [Tomcat]
[INFO ] 2023-08-23 01:08:34.265 :         o.a.c.c.StandardEngine - Starting Servlet engine: [Apache Tomcat/9.0.69]
[INFO ] 2023-08-23 01:08:34.298 :              o.a.c.c.C.[.[.[/] - Initializing Spring embedded WebApplicationContext
[DEBUG] 2023-08-23 01:08:34.298 : o.s.b.w.s.c.ServletWebServerApplicationContext - Published root WebApplicationContext as ServletContext attribute with name [org.springframework.web.context.WebApplicationContext.ROOT]
[INFO ] 2023-08-23 01:08:34.299 : o.s.b.w.s.c.ServletWebServerApplicationContext - Root WebApplicationContext: initialization completed in 395 ms
[DEBUG] 2023-08-23 01:08:34.300 : o.s.b.f.s.DefaultListableBeanFactory - Creating shared instance of singleton bean 'requestContextFilter'
[DEBUG] 2023-08-23 01:08:34.307 : o.s.b.f.s.DefaultListableBeanFactory - Creating shared instance of singleton bean 'formContentFilter'
[DEBUG] 2023-08-23 01:08:34.308 : o.s.b.f.s.DefaultListableBeanFactory - Creating shared instance of singleton bean 'org.springframework.boot.autoconfigure.web.servlet.WebMvcAutoConfiguration'
[DEBUG] 2023-08-23 01:08:34.316 : o.s.b.f.s.DefaultListableBeanFactory - Creating shared instance of singleton bean 'characterEncodingFilter'
[DEBUG] 2023-08-23 01:08:34.325 : o.s.b.w.s.ServletContextInitializerBeans - Mapping filters: characterEncodingFilter urls=[/*] order=-2147483648, formContentFilter urls=[/*] order=-9900, requestContextFilter urls=[/*] order=-105
[DEBUG] 2023-08-23 01:08:34.325 : o.s.b.w.s.ServletContextInitializerBeans - Mapping servlets: dispatcherServlet urls=[/]
[DEBUG] 2023-08-23 01:08:34.338 : o.s.b.w.s.f.OrderedRequestContextFilter - Filter 'requestContextFilter' configured for use
[DEBUG] 2023-08-23 01:08:34.338 : o.s.b.w.s.f.OrderedCharacterEncodingFilter - Filter 'characterEncodingFilter' configured for use
[DEBUG] 2023-08-23 01:08:34.339 : o.s.b.w.s.f.OrderedFormContentFilter - Filter 'formContentFilter' configured for use
[DEBUG] 2023-08-23 01:08:34.343 : o.s.b.f.s.DefaultListableBeanFactory - Creating shared instance of singleton bean 'apiApplication'
[DEBUG] 2023-08-23 01:08:34.344 : o.s.b.f.s.DefaultListableBeanFactory - Creating shared instance of singleton bean 'corsConfig'
[DEBUG] 2023-08-23 01:08:34.346 : o.s.b.f.s.DefaultListableBeanFactory - Creating shared instance of singleton bean 'locationServiceImpl'
[DEBUG] 2023-08-23 01:08:34.346 : o.s.b.f.s.DefaultListableBeanFactory - Creating shared instance of singleton bean 'locationMapper'
[DEBUG] 2023-08-23 01:08:34.347 : o.s.b.f.s.DefaultListableBeanFactory - Creating shared instance of singleton bean 'dataSourceScriptDatabaseInitializer'
[DEBUG] 2023-08-23 01:08:34.347 : o.s.b.f.s.DefaultListableBeanFactory - Creating shared instance of singleton bean 'org.springframework.boot.autoconfigure.sql.init.DataSourceInitializationConfiguration'
[DEBUG] 2023-08-23 01:08:34.348 : o.s.b.f.s.DefaultListableBeanFactory - Creating shared instance of singleton bean 'dataSource'
[DEBUG] 2023-08-23 01:08:34.348 : o.s.b.f.s.DefaultListableBeanFactory - Creating shared instance of singleton bean 'org.springframework.boot.autoconfigure.jdbc.DataSourceConfiguration$Hikari'
[DEBUG] 2023-08-23 01:08:34.349 : o.s.b.f.s.DefaultListableBeanFactory - Creating shared instance of singleton bean 'spring.datasource-org.springframework.boot.autoconfigure.jdbc.DataSourceProperties'
[DEBUG] 2023-08-23 01:08:34.351 : o.s.b.f.s.DefaultListableBeanFactory - Autowiring by type from bean name 'dataSource' via factory method to bean named 'spring.datasource-org.springframework.boot.autoconfigure.jdbc.DataSourceProperties'
[DEBUG] 2023-08-23 01:08:34.351 :             c.z.h.HikariConfig - Driver class com.mysql.cj.jdbc.Driver found in Thread context class loader jdk.internal.loader.ClassLoaders$AppClassLoader@5ffd2b27
[DEBUG] 2023-08-23 01:08:34.355 : o.s.b.f.s.DefaultListableBeanFactory - Creating shared instance of singleton bean 'spring.sql.init-org.springframework.boot.autoconfigure.sql.init.SqlInitializationProperties'
[DEBUG] 2023-08-23 01:08:34.356 : o.s.b.f.s.DefaultListableBeanFactory - Autowiring by type from bean name 'dataSourceScriptDatabaseInitializer' via factory method to bean named 'dataSource'
[DEBUG] 2023-08-23 01:08:34.357 : o.s.b.f.s.DefaultListableBeanFactory - Autowiring by type from bean name 'dataSourceScriptDatabaseInitializer' via factory method to bean named 'spring.sql.init-org.springframework.boot.autoconfigure.sql.init.SqlInitializationProperties'
[DEBUG] 2023-08-23 01:08:34.358 : o.s.b.f.s.DefaultListableBeanFactory - Creating shared instance of singleton bean 'sqlSessionTemplate'
[DEBUG] 2023-08-23 01:08:34.358 : o.s.b.f.s.DefaultListableBeanFactory - Creating shared instance of singleton bean 'org.mybatis.spring.boot.autoconfigure.MybatisAutoConfiguration'
[DEBUG] 2023-08-23 01:08:34.358 : o.s.c.LocalVariableTableParameterNameDiscoverer - Cannot find '.class' file for class [class org.mybatis.spring.boot.autoconfigure.MybatisAutoConfiguration$$EnhancerBySpringCGLIB$$e5f3ae62] - unable to determine constructor/method parameter names
[DEBUG] 2023-08-23 01:08:34.358 : o.s.b.f.s.DefaultListableBeanFactory - Creating shared instance of singleton bean 'mybatis-org.mybatis.spring.boot.autoconfigure.MybatisProperties'
[DEBUG] 2023-08-23 01:08:34.363 : o.s.b.f.s.DefaultListableBeanFactory - Autowiring by type from bean name 'org.mybatis.spring.boot.autoconfigure.MybatisAutoConfiguration' via constructor to bean named 'mybatis-org.mybatis.spring.boot.autoconfigure.MybatisProperties'
[DEBUG] 2023-08-23 01:08:34.363 : o.s.b.f.s.DefaultListableBeanFactory - Autowiring by type from bean name 'org.mybatis.spring.boot.autoconfigure.MybatisAutoConfiguration' via constructor to bean named 'org.springframework.boot.web.servlet.context.AnnotationConfigServletWebServerApplicationContext@2d459bda'
[DEBUG] 2023-08-23 01:08:34.365 : o.s.b.f.s.DefaultListableBeanFactory - Creating shared instance of singleton bean 'sqlSessionFactory'
[DEBUG] 2023-08-23 01:08:34.366 : o.s.b.f.s.DefaultListableBeanFactory - Autowiring by type from bean name 'sqlSessionFactory' via factory method to bean named 'dataSource'
[DEBUG] 2023-08-23 01:08:34.371 :    o.m.s.SqlSessionFactoryBean - Parsed mapper file: 'file [/Users/crlee/Desktop/dev/daou/api-server/build/resources/main/mappers/locationMapper.xml]'
[DEBUG] 2023-08-23 01:08:34.375 :    o.m.s.SqlSessionFactoryBean - Parsed mapper file: 'file [/Users/crlee/Desktop/dev/daou/api-server/build/resources/main/mappers/productMapper.xml]'
[DEBUG] 2023-08-23 01:08:34.378 :    o.m.s.SqlSessionFactoryBean - Parsed mapper file: 'file [/Users/crlee/Desktop/dev/daou/api-server/build/resources/main/mappers/stockMapper.xml]'
[DEBUG] 2023-08-23 01:08:34.379 : o.s.b.f.s.DefaultListableBeanFactory - Autowiring by type from bean name 'sqlSessionTemplate' via factory method to bean named 'sqlSessionFactory'
[DEBUG] 2023-08-23 01:08:34.380 : o.s.b.f.s.DefaultListableBeanFactory - Autowiring by type from bean name 'locationServiceImpl' via constructor to bean named 'locationMapper'
[DEBUG] 2023-08-23 01:08:34.381 : o.s.b.f.s.DefaultListableBeanFactory - Creating shared instance of singleton bean 'productController'
[DEBUG] 2023-08-23 01:08:34.382 : o.s.b.f.s.DefaultListableBeanFactory - Creating shared instance of singleton bean 'productServiceImpl'
[DEBUG] 2023-08-23 01:08:34.382 : o.s.b.f.s.DefaultListableBeanFactory - Creating shared instance of singleton bean 'productMapper'
[DEBUG] 2023-08-23 01:08:34.382 : o.s.b.f.s.DefaultListableBeanFactory - Autowiring by type from bean name 'productServiceImpl' via constructor to bean named 'productMapper'
[DEBUG] 2023-08-23 01:08:34.383 : o.s.b.f.s.DefaultListableBeanFactory - Autowiring by type from bean name 'productController' via constructor to bean named 'productServiceImpl'
[DEBUG] 2023-08-23 01:08:34.383 : o.s.b.f.s.DefaultListableBeanFactory - Creating shared instance of singleton bean 'stockController'
[DEBUG] 2023-08-23 01:08:34.384 : o.s.b.f.s.DefaultListableBeanFactory - Creating shared instance of singleton bean 'stockServiceImpl'
[DEBUG] 2023-08-23 01:08:34.384 : o.s.b.f.s.DefaultListableBeanFactory - Creating shared instance of singleton bean 'stockMapper'
[DEBUG] 2023-08-23 01:08:34.385 : o.s.b.f.s.DefaultListableBeanFactory - Autowiring by type from bean name 'stockServiceImpl' via constructor to bean named 'locationMapper'
[DEBUG] 2023-08-23 01:08:34.385 : o.s.b.f.s.DefaultListableBeanFactory - Autowiring by type from bean name 'stockServiceImpl' via constructor to bean named 'stockMapper'
[DEBUG] 2023-08-23 01:08:34.392 : o.s.b.f.s.DefaultListableBeanFactory - Autowiring by type from bean name 'stockController' via constructor to bean named 'stockServiceImpl'
[DEBUG] 2023-08-23 01:08:34.393 : o.s.b.f.s.DefaultListableBeanFactory - Autowiring by type from bean name 'stockController' via constructor to bean named 'productServiceImpl'
[DEBUG] 2023-08-23 01:08:34.393 : o.s.b.f.s.DefaultListableBeanFactory - Autowiring by type from bean name 'stockController' via constructor to bean named 'locationServiceImpl'
[DEBUG] 2023-08-23 01:08:34.393 : o.s.b.f.s.DefaultListableBeanFactory - Creating shared instance of singleton bean 'org.springframework.boot.autoconfigure.context.PropertyPlaceholderAutoConfiguration'
[DEBUG] 2023-08-23 01:08:34.394 : o.s.b.f.s.DefaultListableBeanFactory - Creating shared instance of singleton bean 'org.springframework.boot.autoconfigure.websocket.servlet.WebSocketServletAutoConfiguration'
[DEBUG] 2023-08-23 01:08:34.394 : o.s.b.f.s.DefaultListableBeanFactory - Creating shared instance of singleton bean 'org.springframework.boot.context.properties.EnableConfigurationPropertiesRegistrar.methodValidationExcludeFilter'
[DEBUG] 2023-08-23 01:08:34.395 : o.s.b.f.s.DefaultListableBeanFactory - Creating shared instance of singleton bean 'org.springframework.boot.autoconfigure.web.servlet.DispatcherServletAutoConfiguration'
[DEBUG] 2023-08-23 01:08:34.395 : o.s.b.f.s.DefaultListableBeanFactory - Creating shared instance of singleton bean 'org.springframework.boot.autoconfigure.task.TaskExecutionAutoConfiguration'
[DEBUG] 2023-08-23 01:08:34.395 : o.s.b.f.s.DefaultListableBeanFactory - Creating shared instance of singleton bean 'taskExecutorBuilder'
[DEBUG] 2023-08-23 01:08:34.396 : o.s.b.f.s.DefaultListableBeanFactory - Creating shared instance of singleton bean 'spring.task.execution-org.springframework.boot.autoconfigure.task.TaskExecutionProperties'
[DEBUG] 2023-08-23 01:08:34.397 : o.s.b.f.s.DefaultListableBeanFactory - Autowiring by type from bean name 'taskExecutorBuilder' via factory method to bean named 'spring.task.execution-org.springframework.boot.autoconfigure.task.TaskExecutionProperties'
[DEBUG] 2023-08-23 01:08:34.398 : o.s.b.f.s.DefaultListableBeanFactory - Creating shared instance of singleton bean 'org.springframework.boot.autoconfigure.web.servlet.error.ErrorMvcAutoConfiguration$WhitelabelErrorViewConfiguration'
[DEBUG] 2023-08-23 01:08:34.399 : o.s.b.f.s.DefaultListableBeanFactory - Creating shared instance of singleton bean 'error'
[DEBUG] 2023-08-23 01:08:34.399 : o.s.b.f.s.DefaultListableBeanFactory - Creating shared instance of singleton bean 'beanNameViewResolver'
[DEBUG] 2023-08-23 01:08:34.401 : o.s.b.f.s.DefaultListableBeanFactory - Creating shared instance of singleton bean 'org.springframework.boot.autoconfigure.web.servlet.error.ErrorMvcAutoConfiguration$DefaultErrorViewResolverConfiguration'
[DEBUG] 2023-08-23 01:08:34.401 : o.s.b.f.s.DefaultListableBeanFactory - Creating shared instance of singleton bean 'spring.web-org.springframework.boot.autoconfigure.web.WebProperties'
[DEBUG] 2023-08-23 01:08:34.403 : o.s.b.f.s.DefaultListableBeanFactory - Autowiring by type from bean name 'org.springframework.boot.autoconfigure.web.servlet.error.ErrorMvcAutoConfiguration$DefaultErrorViewResolverConfiguration' via constructor to bean named 'org.springframework.boot.web.servlet.context.AnnotationConfigServletWebServerApplicationContext@2d459bda'
[DEBUG] 2023-08-23 01:08:34.403 : o.s.b.f.s.DefaultListableBeanFactory - Autowiring by type from bean name 'org.springframework.boot.autoconfigure.web.servlet.error.ErrorMvcAutoConfiguration$DefaultErrorViewResolverConfiguration' via constructor to bean named 'spring.web-org.springframework.boot.autoconfigure.web.WebProperties'
[DEBUG] 2023-08-23 01:08:34.404 : o.s.b.f.s.DefaultListableBeanFactory - Creating shared instance of singleton bean 'conventionErrorViewResolver'
[DEBUG] 2023-08-23 01:08:34.405 : o.s.b.f.s.DefaultListableBeanFactory - Creating shared instance of singleton bean 'errorAttributes'
[DEBUG] 2023-08-23 01:08:34.407 : o.s.b.f.s.DefaultListableBeanFactory - Creating shared instance of singleton bean 'basicErrorController'
[DEBUG] 2023-08-23 01:08:34.407 : o.s.b.f.s.DefaultListableBeanFactory - Autowiring by type from bean name 'basicErrorController' via factory method to bean named 'errorAttributes'
[DEBUG] 2023-08-23 01:08:34.409 : o.s.b.f.s.DefaultListableBeanFactory - Creating shared instance of singleton bean 'org.springframework.boot.autoconfigure.web.servlet.WebMvcAutoConfiguration$EnableWebMvcConfiguration'
[DEBUG] 2023-08-23 01:08:34.410 : o.s.b.f.s.DefaultListableBeanFactory - Autowiring by type from bean name 'org.springframework.boot.autoconfigure.web.servlet.WebMvcAutoConfiguration$EnableWebMvcConfiguration' via constructor to bean named 'spring.mvc-org.springframework.boot.autoconfigure.web.servlet.WebMvcProperties'
[DEBUG] 2023-08-23 01:08:34.410 : o.s.b.f.s.DefaultListableBeanFactory - Autowiring by type from bean name 'org.springframework.boot.autoconfigure.web.servlet.WebMvcAutoConfiguration$EnableWebMvcConfiguration' via constructor to bean named 'spring.web-org.springframework.boot.autoconfigure.web.WebProperties'
[DEBUG] 2023-08-23 01:08:34.410 : o.s.b.f.s.DefaultListableBeanFactory - Autowiring by type from bean name 'org.springframework.boot.autoconfigure.web.servlet.WebMvcAutoConfiguration$EnableWebMvcConfiguration' via constructor to bean named 'org.springframework.beans.factory.support.DefaultListableBeanFactory@d0fabc8'
[DEBUG] 2023-08-23 01:08:34.414 : o.s.b.f.s.DefaultListableBeanFactory - Creating shared instance of singleton bean 'org.springframework.boot.autoconfigure.web.servlet.WebMvcAutoConfiguration$WebMvcAutoConfigurationAdapter'
[DEBUG] 2023-08-23 01:08:34.414 : o.s.b.f.s.DefaultListableBeanFactory - Autowiring by type from bean name 'org.springframework.boot.autoconfigure.web.servlet.WebMvcAutoConfiguration$WebMvcAutoConfigurationAdapter' via constructor to bean named 'spring.web-org.springframework.boot.autoconfigure.web.WebProperties'
[DEBUG] 2023-08-23 01:08:34.414 : o.s.b.f.s.DefaultListableBeanFactory - Autowiring by type from bean name 'org.springframework.boot.autoconfigure.web.servlet.WebMvcAutoConfiguration$WebMvcAutoConfigurationAdapter' via constructor to bean named 'spring.mvc-org.springframework.boot.autoconfigure.web.servlet.WebMvcProperties'
[DEBUG] 2023-08-23 01:08:34.414 : o.s.b.f.s.DefaultListableBeanFactory - Autowiring by type from bean name 'org.springframework.boot.autoconfigure.web.servlet.WebMvcAutoConfiguration$WebMvcAutoConfigurationAdapter' via constructor to bean named 'org.springframework.beans.factory.support.DefaultListableBeanFactory@d0fabc8'
[DEBUG] 2023-08-23 01:08:34.416 : o.s.b.f.s.DefaultListableBeanFactory - Creating shared instance of singleton bean 'requestMappingHandlerAdapter'
[DEBUG] 2023-08-23 01:08:34.417 : o.s.b.f.s.DefaultListableBeanFactory - Creating shared instance of singleton bean 'mvcContentNegotiationManager'
[DEBUG] 2023-08-23 01:08:34.421 : o.s.b.f.s.DefaultListableBeanFactory - Creating shared instance of singleton bean 'mvcConversionService'
[DEBUG] 2023-08-23 01:08:34.426 : o.s.b.f.s.DefaultListableBeanFactory - Creating shared instance of singleton bean 'mvcValidator'
[DEBUG] 2023-08-23 01:08:34.427 : o.s.b.f.s.DefaultListableBeanFactory - Autowiring by type from bean name 'requestMappingHandlerAdapter' via factory method to bean named 'mvcContentNegotiationManager'
[DEBUG] 2023-08-23 01:08:34.427 : o.s.b.f.s.DefaultListableBeanFactory - Autowiring by type from bean name 'requestMappingHandlerAdapter' via factory method to bean named 'mvcConversionService'
[DEBUG] 2023-08-23 01:08:34.427 : o.s.b.f.s.DefaultListableBeanFactory - Autowiring by type from bean name 'requestMappingHandlerAdapter' via factory method to bean named 'mvcValidator'
[DEBUG] 2023-08-23 01:08:34.428 : o.s.b.f.s.DefaultListableBeanFactory - Autowiring by type from bean name 'requestMappingHandlerAdapter' via factory method to bean named 'mvcContentNegotiationManager'
[DEBUG] 2023-08-23 01:08:34.428 : o.s.b.f.s.DefaultListableBeanFactory - Autowiring by type from bean name 'requestMappingHandlerAdapter' via factory method to bean named 'mvcConversionService'
[DEBUG] 2023-08-23 01:08:34.428 : o.s.b.f.s.DefaultListableBeanFactory - Autowiring by type from bean name 'requestMappingHandlerAdapter' via factory method to bean named 'mvcValidator'
[DEBUG] 2023-08-23 01:08:34.434 : o.s.b.f.s.DefaultListableBeanFactory - Creating shared instance of singleton bean 'messageConverters'
[DEBUG] 2023-08-23 01:08:34.434 : o.s.b.f.s.DefaultListableBeanFactory - Creating shared instance of singleton bean 'org.springframework.boot.autoconfigure.http.HttpMessageConvertersAutoConfiguration'
[DEBUG] 2023-08-23 01:08:34.436 : o.s.b.f.s.DefaultListableBeanFactory - Creating shared instance of singleton bean 'stringHttpMessageConverter'
[DEBUG] 2023-08-23 01:08:34.436 : o.s.b.f.s.DefaultListableBeanFactory - Creating shared instance of singleton bean 'org.springframework.boot.autoconfigure.http.HttpMessageConvertersAutoConfiguration$StringHttpMessageConverterConfiguration'
[DEBUG] 2023-08-23 01:08:34.437 : o.s.b.f.s.DefaultListableBeanFactory - Autowiring by type from bean name 'stringHttpMessageConverter' via factory method to bean named 'environment'
[DEBUG] 2023-08-23 01:08:34.439 : o.s.b.f.s.DefaultListableBeanFactory - Creating shared instance of singleton bean 'mappingJackson2HttpMessageConverter'
[DEBUG] 2023-08-23 01:08:34.439 : o.s.b.f.s.DefaultListableBeanFactory - Creating shared instance of singleton bean 'org.springframework.boot.autoconfigure.http.JacksonHttpMessageConvertersConfiguration$MappingJackson2HttpMessageConverterConfiguration'
[DEBUG] 2023-08-23 01:08:34.439 : o.s.b.f.s.DefaultListableBeanFactory - Creating shared instance of singleton bean 'jacksonObjectMapper'
[DEBUG] 2023-08-23 01:08:34.440 : o.s.b.f.s.DefaultListableBeanFactory - Creating shared instance of singleton bean 'org.springframework.boot.autoconfigure.jackson.JacksonAutoConfiguration$JacksonObjectMapperConfiguration'
[DEBUG] 2023-08-23 01:08:34.440 : o.s.b.f.s.DefaultListableBeanFactory - Creating shared instance of singleton bean 'org.springframework.boot.autoconfigure.jackson.JacksonAutoConfiguration$JacksonObjectMapperBuilderConfiguration'
[DEBUG] 2023-08-23 01:08:34.441 : o.s.b.f.s.DefaultListableBeanFactory - Creating shared instance of singleton bean 'standardJacksonObjectMapperBuilderCustomizer'
[DEBUG] 2023-08-23 01:08:34.441 : o.s.b.f.s.DefaultListableBeanFactory - Creating shared instance of singleton bean 'org.springframework.boot.autoconfigure.jackson.JacksonAutoConfiguration$Jackson2ObjectMapperBuilderCustomizerConfiguration'
[DEBUG] 2023-08-23 01:08:34.441 : o.s.b.f.s.DefaultListableBeanFactory - Creating shared instance of singleton bean 'spring.jackson-org.springframework.boot.autoconfigure.jackson.JacksonProperties'
[DEBUG] 2023-08-23 01:08:34.443 : o.s.b.f.s.DefaultListableBeanFactory - Autowiring by type from bean name 'standardJacksonObjectMapperBuilderCustomizer' via factory method to bean named 'org.springframework.boot.web.servlet.context.AnnotationConfigServletWebServerApplicationContext@2d459bda'
[DEBUG] 2023-08-23 01:08:34.443 : o.s.b.f.s.DefaultListableBeanFactory - Autowiring by type from bean name 'standardJacksonObjectMapperBuilderCustomizer' via factory method to bean named 'spring.jackson-org.springframework.boot.autoconfigure.jackson.JacksonProperties'
[DEBUG] 2023-08-23 01:08:34.444 : o.s.b.f.s.DefaultListableBeanFactory - Autowiring by type from bean name 'jacksonObjectMapperBuilder' via factory method to bean named 'org.springframework.boot.web.servlet.context.AnnotationConfigServletWebServerApplicationContext@2d459bda'
[DEBUG] 2023-08-23 01:08:34.444 : o.s.b.f.s.DefaultListableBeanFactory - Autowiring by type from bean name 'jacksonObjectMapperBuilder' via factory method to bean named 'standardJacksonObjectMapperBuilderCustomizer'
[DEBUG] 2023-08-23 01:08:34.446 : o.s.b.f.s.DefaultListableBeanFactory - Creating shared instance of singleton bean 'parameterNamesModule'
[DEBUG] 2023-08-23 01:08:34.446 : o.s.b.f.s.DefaultListableBeanFactory - Creating shared instance of singleton bean 'org.springframework.boot.autoconfigure.jackson.JacksonAutoConfiguration$ParameterNamesModuleConfiguration'
[DEBUG] 2023-08-23 01:08:34.452 : o.s.b.f.s.DefaultListableBeanFactory - Creating shared instance of singleton bean 'jsonComponentModule'
[DEBUG] 2023-08-23 01:08:34.452 : o.s.b.f.s.DefaultListableBeanFactory - Creating shared instance of singleton bean 'org.springframework.boot.autoconfigure.jackson.JacksonAutoConfiguration'
[DEBUG] 2023-08-23 01:08:34.459 : o.s.b.f.s.DefaultListableBeanFactory - Creating shared instance of singleton bean 'jsonMixinModule'
[DEBUG] 2023-08-23 01:08:34.460 : o.s.b.f.s.DefaultListableBeanFactory - Autowiring by type from bean name 'jsonMixinModule' via factory method to bean named 'org.springframework.boot.web.servlet.context.AnnotationConfigServletWebServerApplicationContext@2d459bda'
[DEBUG] 2023-08-23 01:08:34.466 : o.s.b.f.s.DefaultListableBeanFactory - Autowiring by type from bean name 'jacksonObjectMapper' via factory method to bean named 'jacksonObjectMapperBuilder'
[DEBUG] 2023-08-23 01:08:34.476 : o.s.b.f.s.DefaultListableBeanFactory - Autowiring by type from bean name 'mappingJackson2HttpMessageConverter' via factory method to bean named 'jacksonObjectMapper'
[DEBUG] 2023-08-23 01:08:34.481 : o.s.b.f.s.DefaultListableBeanFactory - Creating shared instance of singleton bean 'applicationTaskExecutor'
[DEBUG] 2023-08-23 01:08:34.481 : o.s.b.f.s.DefaultListableBeanFactory - Autowiring by type from bean name 'applicationTaskExecutor' via factory method to bean named 'taskExecutorBuilder'
[DEBUG] 2023-08-23 01:08:34.485 : o.s.s.c.ThreadPoolTaskExecutor - Initializing ExecutorService 'applicationTaskExecutor'
[DEBUG] 2023-08-23 01:08:34.492 : o.s.w.s.m.m.a.RequestMappingHandlerAdapter - ControllerAdvice beans: 0 @ModelAttribute, 0 @InitBinder, 1 RequestBodyAdvice, 1 ResponseBodyAdvice
[DEBUG] 2023-08-23 01:08:34.505 : o.s.b.f.s.DefaultListableBeanFactory - Creating shared instance of singleton bean 'welcomePageHandlerMapping'
[DEBUG] 2023-08-23 01:08:34.506 : o.s.b.f.s.DefaultListableBeanFactory - Creating shared instance of singleton bean 'mvcResourceUrlProvider'
[DEBUG] 2023-08-23 01:08:34.509 : o.s.b.f.s.DefaultListableBeanFactory - Autowiring by type from bean name 'welcomePageHandlerMapping' via factory method to bean named 'org.springframework.boot.web.servlet.context.AnnotationConfigServletWebServerApplicationContext@2d459bda'
[DEBUG] 2023-08-23 01:08:34.509 : o.s.b.f.s.DefaultListableBeanFactory - Autowiring by type from bean name 'welcomePageHandlerMapping' via factory method to bean named 'mvcConversionService'
[DEBUG] 2023-08-23 01:08:34.509 : o.s.b.f.s.DefaultListableBeanFactory - Autowiring by type from bean name 'welcomePageHandlerMapping' via factory method to bean named 'mvcResourceUrlProvider'
[DEBUG] 2023-08-23 01:08:34.520 : o.s.b.f.s.DefaultListableBeanFactory - Creating shared instance of singleton bean 'localeResolver'
[DEBUG] 2023-08-23 01:08:34.521 : o.s.b.f.s.DefaultListableBeanFactory - Creating shared instance of singleton bean 'themeResolver'
[DEBUG] 2023-08-23 01:08:34.522 : o.s.b.f.s.DefaultListableBeanFactory - Creating shared instance of singleton bean 'flashMapManager'
[DEBUG] 2023-08-23 01:08:34.523 : o.s.b.f.s.DefaultListableBeanFactory - Creating shared instance of singleton bean 'requestMappingHandlerMapping'
[DEBUG] 2023-08-23 01:08:34.523 : o.s.b.f.s.DefaultListableBeanFactory - Autowiring by type from bean name 'requestMappingHandlerMapping' via factory method to bean named 'mvcContentNegotiationManager'
[DEBUG] 2023-08-23 01:08:34.523 : o.s.b.f.s.DefaultListableBeanFactory - Autowiring by type from bean name 'requestMappingHandlerMapping' via factory method to bean named 'mvcConversionService'
[DEBUG] 2023-08-23 01:08:34.524 : o.s.b.f.s.DefaultListableBeanFactory - Autowiring by type from bean name 'requestMappingHandlerMapping' via factory method to bean named 'mvcResourceUrlProvider'
[DEBUG] 2023-08-23 01:08:34.534 :             _.s.w.s.H.Mappings - 
	c.a.p.ProductController:
	{GET [/product/{code}]}: getProduct(String)
[DEBUG] 2023-08-23 01:08:34.535 :             _.s.w.s.H.Mappings - 
	c.a.s.StockController:
	{POST [/inbound]}: inbound(Map)
[DEBUG] 2023-08-23 01:08:34.536 :             _.s.w.s.H.Mappings - 
	o.s.b.a.w.s.e.BasicErrorController:
	{ [/error], produces [text/html]}: errorHtml(HttpServletRequest,HttpServletResponse)
	{ [/error]}: error(HttpServletRequest)
[DEBUG] 2023-08-23 01:08:34.537 : o.s.w.s.m.m.a.RequestMappingHandlerMapping - 4 mappings in 'requestMappingHandlerMapping'
[DEBUG] 2023-08-23 01:08:34.537 : o.s.b.f.s.DefaultListableBeanFactory - Creating shared instance of singleton bean 'mvcPatternParser'
[DEBUG] 2023-08-23 01:08:34.538 : o.s.b.f.s.DefaultListableBeanFactory - Creating shared instance of singleton bean 'mvcUrlPathHelper'
[DEBUG] 2023-08-23 01:08:34.539 : o.s.b.f.s.DefaultListableBeanFactory - Creating shared instance of singleton bean 'mvcPathMatcher'
[DEBUG] 2023-08-23 01:08:34.539 : o.s.b.f.s.DefaultListableBeanFactory - Creating shared instance of singleton bean 'viewControllerHandlerMapping'
[DEBUG] 2023-08-23 01:08:34.540 : o.s.b.f.s.DefaultListableBeanFactory - Autowiring by type from bean name 'viewControllerHandlerMapping' via factory method to bean named 'mvcConversionService'
[DEBUG] 2023-08-23 01:08:34.540 : o.s.b.f.s.DefaultListableBeanFactory - Autowiring by type from bean name 'viewControllerHandlerMapping' via factory method to bean named 'mvcResourceUrlProvider'
[DEBUG] 2023-08-23 01:08:34.540 : o.s.b.f.s.DefaultListableBeanFactory - Creating shared instance of singleton bean 'beanNameHandlerMapping'
[DEBUG] 2023-08-23 01:08:34.540 : o.s.b.f.s.DefaultListableBeanFactory - Autowiring by type from bean name 'beanNameHandlerMapping' via factory method to bean named 'mvcConversionService'
[DEBUG] 2023-08-23 01:08:34.540 : o.s.b.f.s.DefaultListableBeanFactory - Autowiring by type from bean name 'beanNameHandlerMapping' via factory method to bean named 'mvcResourceUrlProvider'
[DEBUG] 2023-08-23 01:08:34.544 :             _.s.w.s.H.Mappings - 'beanNameHandlerMapping' {}
[DEBUG] 2023-08-23 01:08:34.544 : o.s.b.f.s.DefaultListableBeanFactory - Creating shared instance of singleton bean 'routerFunctionMapping'
[DEBUG] 2023-08-23 01:08:34.544 : o.s.b.f.s.DefaultListableBeanFactory - Autowiring by type from bean name 'routerFunctionMapping' via factory method to bean named 'mvcConversionService'
[DEBUG] 2023-08-23 01:08:34.544 : o.s.b.f.s.DefaultListableBeanFactory - Autowiring by type from bean name 'routerFunctionMapping' via factory method to bean named 'mvcResourceUrlProvider'
[DEBUG] 2023-08-23 01:08:34.549 : o.s.b.f.s.DefaultListableBeanFactory - Creating shared instance of singleton bean 'resourceHandlerMapping'
[DEBUG] 2023-08-23 01:08:34.549 : o.s.b.f.s.DefaultListableBeanFactory - Autowiring by type from bean name 'resourceHandlerMapping' via factory method to bean named 'mvcContentNegotiationManager'
[DEBUG] 2023-08-23 01:08:34.549 : o.s.b.f.s.DefaultListableBeanFactory - Autowiring by type from bean name 'resourceHandlerMapping' via factory method to bean named 'mvcConversionService'
[DEBUG] 2023-08-23 01:08:34.549 : o.s.b.f.s.DefaultListableBeanFactory - Autowiring by type from bean name 'resourceHandlerMapping' via factory method to bean named 'mvcResourceUrlProvider'
[DEBUG] 2023-08-23 01:08:34.555 :             _.s.w.s.H.Mappings - 'resourceHandlerMapping' {/webjars/**=ResourceHttpRequestHandler [classpath [META-INF/resources/webjars/]], /**=ResourceHttpRequestHandler [classpath [META-INF/resources/], classpath [resources/], classpath [static/], classpath [public/], ServletContext [/]]}
[DEBUG] 2023-08-23 01:08:34.556 : o.s.b.f.s.DefaultListableBeanFactory - Creating shared instance of singleton bean 'defaultServletHandlerMapping'
[DEBUG] 2023-08-23 01:08:34.556 : o.s.b.f.s.DefaultListableBeanFactory - Creating shared instance of singleton bean 'handlerFunctionAdapter'
[DEBUG] 2023-08-23 01:08:34.558 : o.s.b.f.s.DefaultListableBeanFactory - Creating shared instance of singleton bean 'mvcUriComponentsContributor'
[DEBUG] 2023-08-23 01:08:34.558 : o.s.b.f.s.DefaultListableBeanFactory - Autowiring by type from bean name 'mvcUriComponentsContributor' via factory method to bean named 'mvcConversionService'
[DEBUG] 2023-08-23 01:08:34.558 : o.s.b.f.s.DefaultListableBeanFactory - Autowiring by type from bean name 'mvcUriComponentsContributor' via factory method to bean named 'requestMappingHandlerAdapter'
[DEBUG] 2023-08-23 01:08:34.559 : o.s.b.f.s.DefaultListableBeanFactory - Creating shared instance of singleton bean 'httpRequestHandlerAdapter'
[DEBUG] 2023-08-23 01:08:34.560 : o.s.b.f.s.DefaultListableBeanFactory - Creating shared instance of singleton bean 'simpleControllerHandlerAdapter'
[DEBUG] 2023-08-23 01:08:34.560 : o.s.b.f.s.DefaultListableBeanFactory - Creating shared instance of singleton bean 'handlerExceptionResolver'
[DEBUG] 2023-08-23 01:08:34.561 : o.s.b.f.s.DefaultListableBeanFactory - Autowiring by type from bean name 'handlerExceptionResolver' via factory method to bean named 'mvcContentNegotiationManager'
[DEBUG] 2023-08-23 01:08:34.562 : o.s.w.s.m.m.a.ExceptionHandlerExceptionResolver - ControllerAdvice beans: 0 @ExceptionHandler, 1 ResponseBodyAdvice
[DEBUG] 2023-08-23 01:08:34.564 : o.s.b.f.s.DefaultListableBeanFactory - Creating shared instance of singleton bean 'mvcViewResolver'
[DEBUG] 2023-08-23 01:08:34.564 : o.s.b.f.s.DefaultListableBeanFactory - Autowiring by type from bean name 'mvcViewResolver' via factory method to bean named 'mvcContentNegotiationManager'
[DEBUG] 2023-08-23 01:08:34.566 : o.s.b.f.s.DefaultListableBeanFactory - Creating shared instance of singleton bean 'viewNameTranslator'
[DEBUG] 2023-08-23 01:08:34.568 : o.s.b.f.s.DefaultListableBeanFactory - Creating shared instance of singleton bean 'defaultViewResolver'
[DEBUG] 2023-08-23 01:08:34.572 : o.s.b.f.s.DefaultListableBeanFactory - Creating shared instance of singleton bean 'viewResolver'
[DEBUG] 2023-08-23 01:08:34.573 : o.s.b.f.s.DefaultListableBeanFactory - Autowiring by type from bean name 'viewResolver' via factory method to bean named 'org.springframework.beans.factory.support.DefaultListableBeanFactory@d0fabc8'
[DEBUG] 2023-08-23 01:08:34.575 : o.s.b.f.s.DefaultListableBeanFactory - Creating shared instance of singleton bean 'viewResolver'
[DEBUG] 2023-08-23 01:08:34.575 : o.s.b.f.s.DefaultListableBeanFactory - Creating shared instance of singleton bean 'org.springframework.boot.autoconfigure.jdbc.DataSourceAutoConfiguration$PooledDataSourceConfiguration'
[DEBUG] 2023-08-23 01:08:34.575 : o.s.b.f.s.DefaultListableBeanFactory - Creating shared instance of singleton bean 'org.springframework.boot.autoconfigure.jdbc.metadata.DataSourcePoolMetadataProvidersConfiguration$HikariPoolDataSourceMetadataProviderConfiguration'
[DEBUG] 2023-08-23 01:08:34.576 : o.s.b.f.s.DefaultListableBeanFactory - Creating shared instance of singleton bean 'hikariPoolDataSourceMetadataProvider'
[DEBUG] 2023-08-23 01:08:34.576 : o.s.b.f.s.DefaultListableBeanFactory - Creating shared instance of singleton bean 'org.springframework.boot.autoconfigure.jdbc.metadata.DataSourcePoolMetadataProvidersConfiguration'
[DEBUG] 2023-08-23 01:08:34.576 : o.s.b.f.s.DefaultListableBeanFactory - Creating shared instance of singleton bean 'org.springframework.boot.autoconfigure.jdbc.DataSourceAutoConfiguration'
[DEBUG] 2023-08-23 01:08:34.577 : o.s.b.f.s.DefaultListableBeanFactory - Creating shared instance of singleton bean 'org.mybatis.spring.boot.autoconfigure.MybatisLanguageDriverAutoConfiguration'
[DEBUG] 2023-08-23 01:08:34.578 : o.s.b.f.s.DefaultListableBeanFactory - Creating shared instance of singleton bean 'org.mybatis.spring.boot.autoconfigure.MybatisAutoConfiguration$MapperScannerRegistrarNotFoundConfiguration'
[DEBUG] 2023-08-23 01:08:34.578 : o.m.s.b.a.MybatisAutoConfiguration - Not found configuration for registering mapper bean using @MapperScan, MapperFactoryBean and MapperScannerConfigurer.
[DEBUG] 2023-08-23 01:08:34.579 : o.s.b.f.s.DefaultListableBeanFactory - Creating shared instance of singleton bean 'org.springframework.boot.autoconfigure.aop.AopAutoConfiguration$ClassProxyingConfiguration'
[DEBUG] 2023-08-23 01:08:34.579 : o.s.b.f.s.DefaultListableBeanFactory - Creating shared instance of singleton bean 'org.springframework.boot.autoconfigure.aop.AopAutoConfiguration'
[DEBUG] 2023-08-23 01:08:34.579 : o.s.b.f.s.DefaultListableBeanFactory - Creating shared instance of singleton bean 'org.springframework.boot.autoconfigure.availability.ApplicationAvailabilityAutoConfiguration'
[DEBUG] 2023-08-23 01:08:34.580 : o.s.b.f.s.DefaultListableBeanFactory - Creating shared instance of singleton bean 'applicationAvailability'
[DEBUG] 2023-08-23 01:08:34.581 : o.s.b.f.s.DefaultListableBeanFactory - Creating shared instance of singleton bean 'org.springframework.boot.autoconfigure.context.ConfigurationPropertiesAutoConfiguration'
[DEBUG] 2023-08-23 01:08:34.581 : o.s.b.f.s.DefaultListableBeanFactory - Creating shared instance of singleton bean 'org.springframework.boot.autoconfigure.context.LifecycleAutoConfiguration'
[DEBUG] 2023-08-23 01:08:34.581 : o.s.b.f.s.DefaultListableBeanFactory - Creating shared instance of singleton bean 'lifecycleProcessor'
[DEBUG] 2023-08-23 01:08:34.582 : o.s.b.f.s.DefaultListableBeanFactory - Creating shared instance of singleton bean 'spring.lifecycle-org.springframework.boot.autoconfigure.context.LifecycleProperties'
[DEBUG] 2023-08-23 01:08:34.582 : o.s.b.f.s.DefaultListableBeanFactory - Autowiring by type from bean name 'lifecycleProcessor' via factory method to bean named 'spring.lifecycle-org.springframework.boot.autoconfigure.context.LifecycleProperties'
[DEBUG] 2023-08-23 01:08:34.583 : o.s.b.f.s.DefaultListableBeanFactory - Creating shared instance of singleton bean 'org.springframework.boot.autoconfigure.dao.PersistenceExceptionTranslationAutoConfiguration'
[DEBUG] 2023-08-23 01:08:34.584 : o.s.b.f.s.DefaultListableBeanFactory - Creating shared instance of singleton bean 'org.springframework.boot.autoconfigure.http.JacksonHttpMessageConvertersConfiguration'
[DEBUG] 2023-08-23 01:08:34.584 : o.s.b.f.s.DefaultListableBeanFactory - Creating shared instance of singleton bean 'org.springframework.boot.autoconfigure.info.ProjectInfoAutoConfiguration'
[DEBUG] 2023-08-23 01:08:34.585 : o.s.b.f.s.DefaultListableBeanFactory - Creating shared instance of singleton bean 'spring.info-org.springframework.boot.autoconfigure.info.ProjectInfoProperties'
[DEBUG] 2023-08-23 01:08:34.586 : o.s.b.f.s.DefaultListableBeanFactory - Autowiring by type from bean name 'org.springframework.boot.autoconfigure.info.ProjectInfoAutoConfiguration' via constructor to bean named 'spring.info-org.springframework.boot.autoconfigure.info.ProjectInfoProperties'
[DEBUG] 2023-08-23 01:08:34.586 : o.s.b.f.s.DefaultListableBeanFactory - Creating shared instance of singleton bean 'org.springframework.boot.autoconfigure.jdbc.JdbcTemplateConfiguration'
[DEBUG] 2023-08-23 01:08:34.587 : o.s.b.f.s.DefaultListableBeanFactory - Creating shared instance of singleton bean 'jdbcTemplate'
[DEBUG] 2023-08-23 01:08:34.587 : o.s.b.f.s.DefaultListableBeanFactory - Creating shared instance of singleton bean 'spring.jdbc-org.springframework.boot.autoconfigure.jdbc.JdbcProperties'
[DEBUG] 2023-08-23 01:08:34.587 : o.s.b.f.s.DefaultListableBeanFactory - Autowiring by type from bean name 'jdbcTemplate' via factory method to bean named 'dataSource'
[DEBUG] 2023-08-23 01:08:34.588 : o.s.b.f.s.DefaultListableBeanFactory - Autowiring by type from bean name 'jdbcTemplate' via factory method to bean named 'spring.jdbc-org.springframework.boot.autoconfigure.jdbc.JdbcProperties'
[DEBUG] 2023-08-23 01:08:34.590 : o.s.b.f.s.DefaultListableBeanFactory - Creating shared instance of singleton bean 'org.springframework.boot.autoconfigure.jdbc.NamedParameterJdbcTemplateConfiguration'
[DEBUG] 2023-08-23 01:08:34.591 : o.s.b.f.s.DefaultListableBeanFactory - Creating shared instance of singleton bean 'namedParameterJdbcTemplate'
[DEBUG] 2023-08-23 01:08:34.591 : o.s.b.f.s.DefaultListableBeanFactory - Autowiring by type from bean name 'namedParameterJdbcTemplate' via factory method to bean named 'jdbcTemplate'
[DEBUG] 2023-08-23 01:08:34.592 : o.s.b.f.s.DefaultListableBeanFactory - Creating shared instance of singleton bean 'org.springframework.boot.autoconfigure.jdbc.JdbcTemplateAutoConfiguration'
[DEBUG] 2023-08-23 01:08:34.592 : o.s.b.f.s.DefaultListableBeanFactory - Creating shared instance of singleton bean 'org.springframework.boot.autoconfigure.sql.init.SqlInitializationAutoConfiguration'
[DEBUG] 2023-08-23 01:08:34.593 : o.s.b.f.s.DefaultListableBeanFactory - Creating shared instance of singleton bean 'org.springframework.boot.autoconfigure.task.TaskSchedulingAutoConfiguration'
[DEBUG] 2023-08-23 01:08:34.594 : o.s.b.f.s.DefaultListableBeanFactory - Creating shared instance of singleton bean 'taskSchedulerBuilder'
[DEBUG] 2023-08-23 01:08:34.594 : o.s.b.f.s.DefaultListableBeanFactory - Creating shared instance of singleton bean 'spring.task.scheduling-org.springframework.boot.autoconfigure.task.TaskSchedulingProperties'
[DEBUG] 2023-08-23 01:08:34.595 : o.s.b.f.s.DefaultListableBeanFactory - Autowiring by type from bean name 'taskSchedulerBuilder' via factory method to bean named 'spring.task.scheduling-org.springframework.boot.autoconfigure.task.TaskSchedulingProperties'
[DEBUG] 2023-08-23 01:08:34.596 : o.s.b.f.s.DefaultListableBeanFactory - Creating shared instance of singleton bean 'org.springframework.boot.autoconfigure.jdbc.DataSourceTransactionManagerAutoConfiguration$JdbcTransactionManagerConfiguration'
[DEBUG] 2023-08-23 01:08:34.596 : o.s.b.f.s.DefaultListableBeanFactory - Creating shared instance of singleton bean 'transactionManager'
[DEBUG] 2023-08-23 01:08:34.596 : o.s.b.f.s.DefaultListableBeanFactory - Autowiring by type from bean name 'transactionManager' via factory method to bean named 'environment'
[DEBUG] 2023-08-23 01:08:34.596 : o.s.b.f.s.DefaultListableBeanFactory - Autowiring by type from bean name 'transactionManager' via factory method to bean named 'dataSource'
[DEBUG] 2023-08-23 01:08:34.597 : o.s.b.f.s.DefaultListableBeanFactory - Creating shared instance of singleton bean 'platformTransactionManagerCustomizers'
[DEBUG] 2023-08-23 01:08:34.597 : o.s.b.f.s.DefaultListableBeanFactory - Creating shared instance of singleton bean 'org.springframework.boot.autoconfigure.transaction.TransactionAutoConfiguration'
[DEBUG] 2023-08-23 01:08:34.597 : o.s.b.f.s.DefaultListableBeanFactory - Creating shared instance of singleton bean 'spring.transaction-org.springframework.boot.autoconfigure.transaction.TransactionProperties'
[DEBUG] 2023-08-23 01:08:34.600 : o.s.b.f.s.DefaultListableBeanFactory - Creating shared instance of singleton bean 'org.springframework.boot.autoconfigure.jdbc.DataSourceTransactionManagerAutoConfiguration'
[DEBUG] 2023-08-23 01:08:34.600 : o.s.b.f.s.DefaultListableBeanFactory - Creating shared instance of singleton bean 'org.springframework.boot.autoconfigure.transaction.TransactionAutoConfiguration$EnableTransactionManagementConfiguration$CglibAutoProxyConfiguration'
[DEBUG] 2023-08-23 01:08:34.600 : o.s.b.f.s.DefaultListableBeanFactory - Creating shared instance of singleton bean 'org.springframework.boot.autoconfigure.transaction.TransactionAutoConfiguration$EnableTransactionManagementConfiguration'
[DEBUG] 2023-08-23 01:08:34.600 : o.s.b.f.s.DefaultListableBeanFactory - Creating shared instance of singleton bean 'org.springframework.boot.autoconfigure.transaction.TransactionAutoConfiguration$TransactionTemplateConfiguration'
[DEBUG] 2023-08-23 01:08:34.601 : o.s.b.f.s.DefaultListableBeanFactory - Creating shared instance of singleton bean 'transactionTemplate'
[DEBUG] 2023-08-23 01:08:34.601 : o.s.b.f.s.DefaultListableBeanFactory - Autowiring by type from bean name 'transactionTemplate' via factory method to bean named 'transactionManager'
[DEBUG] 2023-08-23 01:08:34.602 : o.s.b.f.s.DefaultListableBeanFactory - Creating shared instance of singleton bean 'org.springframework.boot.autoconfigure.web.client.RestTemplateAutoConfiguration'
[DEBUG] 2023-08-23 01:08:34.603 : o.s.b.f.s.DefaultListableBeanFactory - Creating shared instance of singleton bean 'org.springframework.boot.autoconfigure.web.embedded.EmbeddedWebServerFactoryCustomizerAutoConfiguration'
[DEBUG] 2023-08-23 01:08:34.603 : o.s.b.f.s.DefaultListableBeanFactory - Creating shared instance of singleton bean 'multipartResolver'
[DEBUG] 2023-08-23 01:08:34.604 : o.s.b.f.s.DefaultListableBeanFactory - Creating shared instance of singleton bean 'org.springframework.boot.test.web.client.TestRestTemplate'
[DEBUG] 2023-08-23 01:08:34.605 : o.s.b.f.s.DefaultListableBeanFactory - Creating shared instance of singleton bean 'restTemplateBuilder'
[DEBUG] 2023-08-23 01:08:34.605 : o.s.b.f.s.DefaultListableBeanFactory - Creating shared instance of singleton bean 'restTemplateBuilderConfigurer'
[DEBUG] 2023-08-23 01:08:34.605 : o.s.b.f.s.DefaultListableBeanFactory - Autowiring by type from bean name 'restTemplateBuilder' via factory method to bean named 'restTemplateBuilderConfigurer'
[DEBUG] 2023-08-23 01:08:34.615 : o.s.c.s.DefaultLifecycleProcessor - Starting beans in phase -2147483647
[DEBUG] 2023-08-23 01:08:34.615 : o.s.c.s.DefaultLifecycleProcessor - Successfully started bean 'springBootLoggingLifecycle'
[DEBUG] 2023-08-23 01:08:34.615 : o.s.c.s.DefaultLifecycleProcessor - Starting beans in phase 2147483646
[INFO ] 2023-08-23 01:08:34.615 :      o.a.c.h.Http11NioProtocol - Starting ProtocolHandler ["http-nio-auto-1"]
[INFO ] 2023-08-23 01:08:34.621 :    o.s.b.w.e.t.TomcatWebServer - Tomcat started on port(s): 52117 (http) with context path ''
[DEBUG] 2023-08-23 01:08:34.621 : o.s.c.s.DefaultLifecycleProcessor - Successfully started bean 'webServerStartStop'
[DEBUG] 2023-08-23 01:08:34.621 : o.s.c.s.DefaultLifecycleProcessor - Starting beans in phase 2147483647
[DEBUG] 2023-08-23 01:08:34.621 : o.s.c.s.DefaultLifecycleProcessor - Successfully started bean 'webServerGracefulShutdown'
[DEBUG] 2023-08-23 01:08:34.624 : o.s.b.a.l.ConditionEvaluationReportLoggingListener - 


============================
CONDITIONS EVALUATION REPORT
============================


Positive matches:
-----------------

   AopAutoConfiguration matched:
      - @ConditionalOnProperty (spring.aop.auto=true) matched (OnPropertyCondition)

   AopAutoConfiguration.ClassProxyingConfiguration matched:
      - @ConditionalOnMissingClass did not find unwanted class 'org.aspectj.weaver.Advice' (OnClassCondition)
      - @ConditionalOnProperty (spring.aop.proxy-target-class=true) matched (OnPropertyCondition)

   DataSourceAutoConfiguration matched:
      - @ConditionalOnClass found required classes 'javax.sql.DataSource', 'org.springframework.jdbc.datasource.embedded.EmbeddedDatabaseType' (OnClassCondition)
      - @ConditionalOnMissingBean (types: io.r2dbc.spi.ConnectionFactory; SearchStrategy: all) did not find any beans (OnBeanCondition)

   DataSourceAutoConfiguration.PooledDataSourceConfiguration matched:
      - AnyNestedCondition 1 matched 1 did not; NestedCondition on DataSourceAutoConfiguration.PooledDataSourceCondition.PooledDataSourceAvailable PooledDataSource found supported DataSource; NestedCondition on DataSourceAutoConfiguration.PooledDataSourceCondition.ExplicitType @ConditionalOnProperty (spring.datasource.type) did not find property 'type' (DataSourceAutoConfiguration.PooledDataSourceCondition)
      - @ConditionalOnMissingBean (types: javax.sql.DataSource,javax.sql.XADataSource; SearchStrategy: all) did not find any beans (OnBeanCondition)

   DataSourceConfiguration.Hikari matched:
      - @ConditionalOnClass found required class 'com.zaxxer.hikari.HikariDataSource' (OnClassCondition)
      - @ConditionalOnProperty (spring.datasource.type=com.zaxxer.hikari.HikariDataSource) matched (OnPropertyCondition)
      - @ConditionalOnMissingBean (types: javax.sql.DataSource; SearchStrategy: all) did not find any beans (OnBeanCondition)

   DataSourceInitializationConfiguration matched:
      - @ConditionalOnClass found required class 'org.springframework.jdbc.datasource.init.DatabasePopulator' (OnClassCondition)
      - @ConditionalOnSingleCandidate (types: javax.sql.DataSource; SearchStrategy: all) found a single bean 'dataSource'; @ConditionalOnMissingBean (types: org.springframework.boot.autoconfigure.sql.init.SqlDataSourceScriptDatabaseInitializer,org.springframework.boot.autoconfigure.sql.init.SqlR2dbcScriptDatabaseInitializer; SearchStrategy: all) did not find any beans (OnBeanCondition)

   DataSourcePoolMetadataProvidersConfiguration.HikariPoolDataSourceMetadataProviderConfiguration matched:
      - @ConditionalOnClass found required class 'com.zaxxer.hikari.HikariDataSource' (OnClassCondition)

   DataSourceTransactionManagerAutoConfiguration matched:
      - @ConditionalOnClass found required classes 'org.springframework.jdbc.core.JdbcTemplate', 'org.springframework.transaction.TransactionManager' (OnClassCondition)

   DataSourceTransactionManagerAutoConfiguration.JdbcTransactionManagerConfiguration matched:
      - @ConditionalOnSingleCandidate (types: javax.sql.DataSource; SearchStrategy: all) found a single bean 'dataSource' (OnBeanCondition)

   DataSourceTransactionManagerAutoConfiguration.JdbcTransactionManagerConfiguration#transactionManager matched:
      - @ConditionalOnMissingBean (types: org.springframework.transaction.TransactionManager; SearchStrategy: all) did not find any beans (OnBeanCondition)

   DispatcherServletAutoConfiguration matched:
      - @ConditionalOnClass found required class 'org.springframework.web.servlet.DispatcherServlet' (OnClassCondition)
      - found 'session' scope (OnWebApplicationCondition)

   DispatcherServletAutoConfiguration.DispatcherServletConfiguration matched:
      - @ConditionalOnClass found required class 'javax.servlet.ServletRegistration' (OnClassCondition)
      - Default DispatcherServlet did not find dispatcher servlet beans (DispatcherServletAutoConfiguration.DefaultDispatcherServletCondition)

   DispatcherServletAutoConfiguration.DispatcherServletRegistrationConfiguration matched:
      - @ConditionalOnClass found required class 'javax.servlet.ServletRegistration' (OnClassCondition)
      - DispatcherServlet Registration did not find servlet registration bean (DispatcherServletAutoConfiguration.DispatcherServletRegistrationCondition)

   DispatcherServletAutoConfiguration.DispatcherServletRegistrationConfiguration#dispatcherServletRegistration matched:
      - @ConditionalOnBean (names: dispatcherServlet types: org.springframework.web.servlet.DispatcherServlet; SearchStrategy: all) found bean 'dispatcherServlet' (OnBeanCondition)

   EmbeddedWebServerFactoryCustomizerAutoConfiguration matched:
      - @ConditionalOnWebApplication (required) found 'session' scope (OnWebApplicationCondition)

   EmbeddedWebServerFactoryCustomizerAutoConfiguration.TomcatWebServerFactoryCustomizerConfiguration matched:
      - @ConditionalOnClass found required classes 'org.apache.catalina.startup.Tomcat', 'org.apache.coyote.UpgradeProtocol' (OnClassCondition)

   ErrorMvcAutoConfiguration matched:
      - @ConditionalOnClass found required classes 'javax.servlet.Servlet', 'org.springframework.web.servlet.DispatcherServlet' (OnClassCondition)
      - found 'session' scope (OnWebApplicationCondition)

   ErrorMvcAutoConfiguration#basicErrorController matched:
      - @ConditionalOnMissingBean (types: org.springframework.boot.web.servlet.error.ErrorController; SearchStrategy: current) did not find any beans (OnBeanCondition)

   ErrorMvcAutoConfiguration#errorAttributes matched:
      - @ConditionalOnMissingBean (types: org.springframework.boot.web.servlet.error.ErrorAttributes; SearchStrategy: current) did not find any beans (OnBeanCondition)

   ErrorMvcAutoConfiguration.DefaultErrorViewResolverConfiguration#conventionErrorViewResolver matched:
      - @ConditionalOnBean (types: org.springframework.web.servlet.DispatcherServlet; SearchStrategy: all) found bean 'dispatcherServlet'; @ConditionalOnMissingBean (types: org.springframework.boot.autoconfigure.web.servlet.error.ErrorViewResolver; SearchStrategy: all) did not find any beans (OnBeanCondition)

   ErrorMvcAutoConfiguration.WhitelabelErrorViewConfiguration matched:
      - @ConditionalOnProperty (server.error.whitelabel.enabled) matched (OnPropertyCondition)
      - ErrorTemplate Missing did not find error template view (ErrorMvcAutoConfiguration.ErrorTemplateMissingCondition)

   ErrorMvcAutoConfiguration.WhitelabelErrorViewConfiguration#beanNameViewResolver matched:
      - @ConditionalOnMissingBean (types: org.springframework.web.servlet.view.BeanNameViewResolver; SearchStrategy: all) did not find any beans (OnBeanCondition)

   ErrorMvcAutoConfiguration.WhitelabelErrorViewConfiguration#defaultErrorView matched:
      - @ConditionalOnMissingBean (names: error; SearchStrategy: all) did not find any beans (OnBeanCondition)

   GenericCacheConfiguration matched:
      - Cache org.springframework.boot.autoconfigure.cache.GenericCacheConfiguration automatic cache type (CacheCondition)

   HttpEncodingAutoConfiguration matched:
      - @ConditionalOnClass found required class 'org.springframework.web.filter.CharacterEncodingFilter' (OnClassCondition)
      - found 'session' scope (OnWebApplicationCondition)
      - @ConditionalOnProperty (server.servlet.encoding.enabled) matched (OnPropertyCondition)

   HttpEncodingAutoConfiguration#characterEncodingFilter matched:
      - @ConditionalOnMissingBean (types: org.springframework.web.filter.CharacterEncodingFilter; SearchStrategy: all) did not find any beans (OnBeanCondition)

   HttpMessageConvertersAutoConfiguration matched:
      - @ConditionalOnClass found required class 'org.springframework.http.converter.HttpMessageConverter' (OnClassCondition)
      - NoneNestedConditions 0 matched 1 did not; NestedCondition on HttpMessageConvertersAutoConfiguration.NotReactiveWebApplicationCondition.ReactiveWebApplication did not find reactive web application classes (HttpMessageConvertersAutoConfiguration.NotReactiveWebApplicationCondition)

   HttpMessageConvertersAutoConfiguration#messageConverters matched:
      - @ConditionalOnMissingBean (types: org.springframework.boot.autoconfigure.http.HttpMessageConverters; SearchStrategy: all) did not find any beans (OnBeanCondition)

   HttpMessageConvertersAutoConfiguration.StringHttpMessageConverterConfiguration matched:
      - @ConditionalOnClass found required class 'org.springframework.http.converter.StringHttpMessageConverter' (OnClassCondition)

   HttpMessageConvertersAutoConfiguration.StringHttpMessageConverterConfiguration#stringHttpMessageConverter matched:
      - @ConditionalOnMissingBean (types: org.springframework.http.converter.StringHttpMessageConverter; SearchStrategy: all) did not find any beans (OnBeanCondition)

   JacksonAutoConfiguration matched:
      - @ConditionalOnClass found required class 'com.fasterxml.jackson.databind.ObjectMapper' (OnClassCondition)

[...]
[DEBUG] 2023-08-23 01:08:34.825 : o.s.t.c.c.DefaultCacheAwareContextLoaderDelegate - Retrieved ApplicationContext [759536602] from cache with key [[WebMergedContextConfiguration@1dfcf85a testClass = ProductApiTest, locations = '{}', classes = '{class com.api.ApiApplication}', contextInitializerClasses = '[]', activeProfiles = '{}', propertySourceLocations = '{}', propertySourceProperties = '{org.springframework.boot.test.context.SpringBootTestContextBootstrapper=true, server.port=0}', contextCustomizers = set[org.springframework.boot.test.autoconfigure.actuate.metrics.MetricsExportContextCustomizerFactory$DisableMetricExportContextCustomizer@27d4a09, org.springframework.boot.test.autoconfigure.properties.PropertyMappingContextCustomizer@0, org.springframework.boot.test.autoconfigure.web.servlet.WebDriverContextCustomizerFactory$Customizer@6c0d9d86, org.springframework.boot.test.context.filter.ExcludeFilterContextCustomizer@2250b9f2, org.springframework.boot.test.json.DuplicateJsonObjectContextCustomizerFactory$DuplicateJsonObjectContextCustomizer@142269f2, org.springframework.boot.test.mock.mockito.MockitoContextCustomizer@0, org.springframework.boot.test.web.client.TestRestTemplateContextCustomizer@37caecda, org.springframework.boot.test.context.SpringBootTestArgs@1, org.springframework.boot.test.context.SpringBootTestWebEnvironment@25084a1e], resourceBasePath = 'src/main/webapp', contextLoader = 'org.springframework.boot.test.context.SpringBootContextLoader', parent = [null]]]
[DEBUG] 2023-08-23 01:08:34.825 :                  o.s.t.c.cache - Spring test ApplicationContext cache statistics: [DefaultContextCache@663f237a size = 3, maxSize = 32, parentContextCount = 0, hitCount = 98, missCount = 3]
[DEBUG] 2023-08-23 01:08:34.829 :           o.s.w.c.RestTemplate - HTTP GET http://localhost:52117/product/P00001
[DEBUG] 2023-08-23 01:08:34.831 :           o.s.w.c.RestTemplate - Accept=[application/json, application/*+json]
[DEBUG] 2023-08-23 01:08:34.832 :      o.s.w.s.DispatcherServlet - GET "/product/P00001", parameters={}
[DEBUG] 2023-08-23 01:08:34.833 : o.s.w.s.m.m.a.RequestMappingHandlerMapping - Mapped to com.api.product.ProductController#getProduct(String)
[DEBUG] 2023-08-23 01:08:34.833 :          o.m.s.SqlSessionUtils - Creating a new SqlSession
[DEBUG] 2023-08-23 01:08:34.833 :          o.m.s.SqlSessionUtils - SqlSession [org.apache.ibatis.session.defaults.DefaultSqlSession@9f179d4] was not registered for synchronization because synchronization is not active
[DEBUG] 2023-08-23 01:08:34.834 :        o.s.j.d.DataSourceUtils - Fetching JDBC Connection from DataSource
[DEBUG] 2023-08-23 01:08:34.834 : o.m.s.t.SpringManagedTransaction - JDBC Connection [HikariProxyConnection@121013914 wrapping com.mysql.cj.jdbc.ConnectionImpl@213d4b6d] will not be managed by Spring
[DEBUG] 2023-08-23 01:08:34.834 :           c.a.p.m.P.findByCode - ==>  Preparing: select * from shipping_product where product_code = ?
[DEBUG] 2023-08-23 01:08:34.835 :           c.a.p.m.P.findByCode - ==> Parameters: P00001(String)
[DEBUG] 2023-08-23 01:08:34.841 :           c.a.p.m.P.findByCode - <==      Total: 1
[DEBUG] 2023-08-23 01:08:34.841 :          o.m.s.SqlSessionUtils - Closing non transactional SqlSession [org.apache.ibatis.session.defaults.DefaultSqlSession@9f179d4]
[DEBUG] 2023-08-23 01:08:34.841 : o.s.w.s.m.m.a.HttpEntityMethodProcessor - Found 'Content-Type:application/json' in response
[DEBUG] 2023-08-23 01:08:34.841 : o.s.w.s.m.m.a.HttpEntityMethodProcessor - Writing [com.api.config.http.ResMsg@460b8ca1]
[DEBUG] 2023-08-23 01:08:34.844 :           o.s.w.c.RestTemplate - Response 200 OK
[DEBUG] 2023-08-23 01:08:34.845 :           o.s.w.c.RestTemplate - Reading to [com.api.config.http.ResMsg]
[DEBUG] 2023-08-23 01:08:34.846 :      o.s.w.s.DispatcherServlet - Completed 200 OK
[DEBUG] 2023-08-23 01:08:34.851 : o.s.t.c.c.DefaultCacheAwareContextLoaderDelegate - Retrieved ApplicationContext [759536602] from cache with key [[WebMergedContextConfiguration@1dfcf85a testClass = ProductApiTest, locations = '{}', classes = '{class com.api.ApiApplication}', contextInitializerClasses = '[]', activeProfiles = '{}', propertySourceLocations = '{}', propertySourceProperties = '{org.springframework.boot.test.context.SpringBootTestContextBootstrapper=true, server.port=0}', contextCustomizers = set[org.springframework.boot.test.autoconfigure.actuate.metrics.MetricsExportContextCustomizerFactory$DisableMetricExportContextCustomizer@27d4a09, org.springframework.boot.test.autoconfigure.properties.PropertyMappingContextCustomizer@0, org.springframework.boot.test.autoconfigure.web.servlet.WebDriverContextCustomizerFactory$Customizer@6c0d9d86, org.springframework.boot.test.context.filter.ExcludeFilterContextCustomizer@2250b9f2, org.springframework.boot.test.json.DuplicateJsonObjectContextCustomizerFactory$DuplicateJsonObjectContextCustomizer@142269f2, org.springframework.boot.test.mock.mockito.MockitoContextCustomizer@0, org.springframework.boot.test.web.client.TestRestTemplateContextCustomizer@37caecda, org.springframework.boot.test.context.SpringBootTestArgs@1, org.springframework.boot.test.context.SpringBootTestWebEnvironment@25084a1e], resourceBasePath = 'src/main/webapp', contextLoader = 'org.springframework.boot.test.context.SpringBootContextLoader', parent = [null]]]
[DEBUG] 2023-08-23 01:08:34.851 :                  o.s.t.c.cache - Spring test ApplicationContext cache statistics: [DefaultContextCache@663f237a size = 3, maxSize = 32, parentContextCount = 0, hitCount = 99, missCount = 3]
[DEBUG] 2023-08-23 01:08:34.852 : o.s.t.c.c.DefaultCacheAwareContextLoaderDelegate - Retrieved ApplicationContext [759536602] from cache with key [[WebMergedContextConfiguration@1dfcf85a testClass = ProductApiTest, locations = '{}', classes = '{class com.api.ApiApplication}', contextInitializerClasses = '[]', activeProfiles = '{}', propertySourceLocations = '{}', propertySourceProperties = '{org.springframework.boot.test.context.SpringBootTestContextBootstrapper=true, server.port=0}', contextCustomizers = set[org.springframework.boot.test.autoconfigure.actuate.metrics.MetricsExportContextCustomizerFactory$DisableMetricExportContextCustomizer@27d4a09, org.springframework.boot.test.autoconfigure.properties.PropertyMappingContextCustomizer@0, org.springframework.boot.test.autoconfigure.web.servlet.WebDriverContextCustomizerFactory$Customizer@6c0d9d86, org.springframework.boot.test.context.filter.ExcludeFilterContextCustomizer@2250b9f2, org.springframework.boot.test.json.DuplicateJsonObjectContextCustomizerFactory$DuplicateJsonObjectContextCustomizer@142269f2, org.springframework.boot.test.mock.mockito.MockitoContextCustomizer@0, org.springframework.boot.test.web.client.TestRestTemplateContextCustomizer@37caecda, org.springframework.boot.test.context.SpringBootTestArgs@1, org.springframework.boot.test.context.SpringBootTestWebEnvironment@25084a1e], resourceBasePath = 'src/main/webapp', contextLoader = 'org.springframework.boot.test.context.SpringBootContextLoader', parent = [null]]]
[DEBUG] 2023-08-23 01:08:34.852 :                  o.s.t.c.cache - Spring test ApplicationContext cache statistics: [DefaultContextCache@663f237a size = 3, maxSize = 32, parentContextCount = 0, hitCount = 100, missCount = 3]
[DEBUG] 2023-08-23 01:08:34.852 : o.s.t.c.c.DefaultCacheAwareContextLoaderDelegate - Retrieved ApplicationContext [759536602] from cache with key [[WebMergedContextConfiguration@1dfcf85a testClass = ProductApiTest, locations = '{}', classes = '{class com.api.ApiApplication}', contextInitializerClasses = '[]', activeProfiles = '{}', propertySourceLocations = '{}', propertySourceProperties = '{org.springframework.boot.test.context.SpringBootTestContextBootstrapper=true, server.port=0}', contextCustomizers = set[org.springframework.boot.test.autoconfigure.actuate.metrics.MetricsExportContextCustomizerFactory$DisableMetricExportContextCustomizer@27d4a09, org.springframework.boot.test.autoconfigure.properties.PropertyMappingContextCustomizer@0, org.springframework.boot.test.autoconfigure.web.servlet.WebDriverContextCustomizerFactory$Customizer@6c0d9d86, org.springframework.boot.test.context.filter.ExcludeFilterContextCustomizer@2250b9f2, org.springframework.boot.test.json.DuplicateJsonObjectContextCustomizerFactory$DuplicateJsonObjectContextCustomizer@142269f2, org.springframework.boot.test.mock.mockito.MockitoContextCustomizer@0, org.springframework.boot.test.web.client.TestRestTemplateContextCustomizer@37caecda, org.springframework.boot.test.context.SpringBootTestArgs@1, org.springframework.boot.test.context.SpringBootTestWebEnvironment@25084a1e], resourceBasePath = 'src/main/webapp', contextLoader = 'org.springframework.boot.test.context.SpringBootContextLoader', parent = [null]]]
[DEBUG] 2023-08-23 01:08:34.852 :                  o.s.t.c.cache - Spring test ApplicationContext cache statistics: [DefaultContextCache@663f237a size = 3, maxSize = 32, parentContextCount = 0, hitCount = 101, missCount = 3]
[DEBUG] 2023-08-23 01:08:34.852 : o.s.t.c.c.DefaultCacheAwareContextLoaderDelegate - Retrieved ApplicationContext [759536602] from cache with key [[WebMergedContextConfiguration@1dfcf85a testClass = ProductApiTest, locations = '{}', classes = '{class com.api.ApiApplication}', contextInitializerClasses = '[]', activeProfiles = '{}', propertySourceLocations = '{}', propertySourceProperties = '{org.springframework.boot.test.context.SpringBootTestContextBootstrapper=true, server.port=0}', contextCustomizers = set[org.springframework.boot.test.autoconfigure.actuate.metrics.MetricsExportContextCustomizerFactory$DisableMetricExportContextCustomizer@27d4a09, org.springframework.boot.test.autoconfigure.properties.PropertyMappingContextCustomizer@0, org.springframework.boot.test.autoconfigure.web.servlet.WebDriverContextCustomizerFactory$Customizer@6c0d9d86, org.springframework.boot.test.context.filter.ExcludeFilterContextCustomizer@2250b9f2, org.springframework.boot.test.json.DuplicateJsonObjectContextCustomizerFactory$DuplicateJsonObjectContextCustomizer@142269f2, org.springframework.boot.test.mock.mockito.MockitoContextCustomizer@0, org.springframework.boot.test.web.client.TestRestTemplateContextCustomizer@37caecda, org.springframework.boot.test.context.SpringBootTestArgs@1, org.springframework.boot.test.context.SpringBootTestWebEnvironment@25084a1e], resourceBasePath = 'src/main/webapp', contextLoader = 'org.springframework.boot.test.context.SpringBootContextLoader', parent = [null]]]
[DEBUG] 2023-08-23 01:08:34.852 :                  o.s.t.c.cache - Spring test ApplicationContext cache statistics: [DefaultContextCache@663f237a size = 3, maxSize = 32, parentContextCount = 0, hitCount = 102, missCount = 3]
[DEBUG] 2023-08-23 01:08:34.852 : o.s.t.c.c.DefaultCacheAwareContextLoaderDelegate - Retrieved ApplicationContext [759536602] from cache with key [[WebMergedContextConfiguration@1dfcf85a testClass = ProductApiTest, locations = '{}', classes = '{class com.api.ApiApplication}', contextInitializerClasses = '[]', activeProfiles = '{}', propertySourceLocations = '{}', propertySourceProperties = '{org.springframework.boot.test.context.SpringBootTestContextBootstrapper=true, server.port=0}', contextCustomizers = set[org.springframework.boot.test.autoconfigure.actuate.metrics.MetricsExportContextCustomizerFactory$DisableMetricExportContextCustomizer@27d4a09, org.springframework.boot.test.autoconfigure.properties.PropertyMappingContextCustomizer@0, org.springframework.boot.test.autoconfigure.web.servlet.WebDriverContextCustomizerFactory$Customizer@6c0d9d86, org.springframework.boot.test.context.filter.ExcludeFilterContextCustomizer@2250b9f2, org.springframework.boot.test.json.DuplicateJsonObjectContextCustomizerFactory$DuplicateJsonObjectContextCustomizer@142269f2, org.springframework.boot.test.mock.mockito.MockitoContextCustomizer@0, org.springframework.boot.test.web.client.TestRestTemplateContextCustomizer@37caecda, org.springframework.boot.test.context.SpringBootTestArgs@1, org.springframework.boot.test.context.SpringBootTestWebEnvironment@25084a1e], resourceBasePath = 'src/main/webapp', contextLoader = 'org.springframework.boot.test.context.SpringBootContextLoader', parent = [null]]]
[DEBUG] 2023-08-23 01:08:34.852 :                  o.s.t.c.cache - Spring test ApplicationContext cache statistics: [DefaultContextCache@663f237a size = 3, maxSize = 32, parentContextCount = 0, hitCount = 103, missCount = 3]
[DEBUG] 2023-08-23 01:08:34.852 : o.s.t.c.c.DefaultCacheAwareContextLoaderDelegate - Retrieved ApplicationContext [759536602] from cache with key [[WebMergedContextConfiguration@1dfcf85a testClass = ProductApiTest, locations = '{}', classes = '{class com.api.ApiApplication}', contextInitializerClasses = '[]', activeProfiles = '{}', propertySourceLocations = '{}', propertySourceProperties = '{org.springframework.boot.test.context.SpringBootTestContextBootstrapper=true, server.port=0}', contextCustomizers = set[org.springframework.boot.test.autoconfigure.actuate.metrics.MetricsExportContextCustomizerFactory$DisableMetricExportContextCustomizer@27d4a09, org.springframework.boot.test.autoconfigure.properties.PropertyMappingContextCustomizer@0, org.springframework.boot.test.autoconfigure.web.servlet.WebDriverContextCustomizerFactory$Customizer@6c0d9d86, org.springframework.boot.test.context.filter.ExcludeFilterContextCustomizer@2250b9f2, org.springframework.boot.test.json.DuplicateJsonObjectContextCustomizerFactory$DuplicateJsonObjectContextCustomizer@142269f2, org.springframework.boot.test.mock.mockito.MockitoContextCustomizer@0, org.springframework.boot.test.web.client.TestRestTemplateContextCustomizer@37caecda, org.springframework.boot.test.context.SpringBootTestArgs@1, org.springframework.boot.test.context.SpringBootTestWebEnvironment@25084a1e], resourceBasePath = 'src/main/webapp', contextLoader = 'org.springframework.boot.test.context.SpringBootContextLoader', parent = [null]]]
[DEBUG] 2023-08-23 01:08:34.852 :                  o.s.t.c.cache - Spring test ApplicationContext cache statistics: [DefaultContextCache@663f237a size = 3, maxSize = 32, parentContextCount = 0, hitCount = 104, missCount = 3]
[DEBUG] 2023-08-23 01:08:34.853 : o.s.t.c.s.AbstractDirtiesContextTestExecutionListener - After test method: context [DefaultTestContext@1115be8c testClass = ProductApiTest, testInstance = com.api.product.ProductApiTest@64ed18ec, testMethod = getProductApi@ProductApiTest, testException = [null], mergedContextConfiguration = [WebMergedContextConfiguration@1dfcf85a testClass = ProductApiTest, locations = '{}', classes = '{class com.api.ApiApplication}', contextInitializerClasses = '[]', activeProfiles = '{}', propertySourceLocations = '{}', propertySourceProperties = '{org.springframework.boot.test.context.SpringBootTestContextBootstrapper=true, server.port=0}', contextCustomizers = set[org.springframework.boot.test.autoconfigure.actuate.metrics.MetricsExportContextCustomizerFactory$DisableMetricExportContextCustomizer@27d4a09, org.springframework.boot.test.autoconfigure.properties.PropertyMappingContextCustomizer@0, org.springframework.boot.test.autoconfigure.web.servlet.WebDriverContextCustomizerFactory$Customizer@6c0d9d86, org.springframework.boot.test.context.filter.ExcludeFilterContextCustomizer@2250b9f2, org.springframework.boot.test.json.DuplicateJsonObjectContextCustomizerFactory$DuplicateJsonObjectContextCustomizer@142269f2, org.springframework.boot.test.mock.mockito.MockitoContextCustomizer@0, org.springframework.boot.test.web.client.TestRestTemplateContextCustomizer@37caecda, org.springframework.boot.test.context.SpringBootTestArgs@1, org.springframework.boot.test.context.SpringBootTestWebEnvironment@25084a1e], resourceBasePath = 'src/main/webapp', contextLoader = 'org.springframework.boot.test.context.SpringBootContextLoader', parent = [null]], attributes = map['org.springframework.test.context.web.ServletTestExecutionListener.activateListener' -> false, 'org.springframework.test.context.event.ApplicationEventsTestExecutionListener.recordApplicationEvents' -> false]], class annotated with @DirtiesContext [false] with mode [null], method annotated with @DirtiesContext [false] with mode [null].
[DEBUG] 2023-08-23 01:08:34.853 : o.s.t.c.c.DefaultCacheAwareContextLoaderDelegate - Retrieved ApplicationContext [759536602] from cache with key [[WebMergedContextConfiguration@1dfcf85a testClass = ProductApiTest, locations = '{}', classes = '{class com.api.ApiApplication}', contextInitializerClasses = '[]', activeProfiles = '{}', propertySourceLocations = '{}', propertySourceProperties = '{org.springframework.boot.test.context.SpringBootTestContextBootstrapper=true, server.port=0}', contextCustomizers = set[org.springframework.boot.test.autoconfigure.actuate.metrics.MetricsExportContextCustomizerFactory$DisableMetricExportContextCustomizer@27d4a09, org.springframework.boot.test.autoconfigure.properties.PropertyMappingContextCustomizer@0, org.springframework.boot.test.autoconfigure.web.servlet.WebDriverContextCustomizerFactory$Customizer@6c0d9d86, org.springframework.boot.test.context.filter.ExcludeFilterContextCustomizer@2250b9f2, org.springframework.boot.test.json.DuplicateJsonObjectContextCustomizerFactory$DuplicateJsonObjectContextCustomizer@142269f2, org.springframework.boot.test.mock.mockito.MockitoContextCustomizer@0, org.springframework.boot.test.web.client.TestRestTemplateContextCustomizer@37caecda, org.springframework.boot.test.context.SpringBootTestArgs@1, org.springframework.boot.test.context.SpringBootTestWebEnvironment@25084a1e], resourceBasePath = 'src/main/webapp', contextLoader = 'org.springframework.boot.test.context.SpringBootContextLoader', parent = [null]]]
[DEBUG] 2023-08-23 01:08:34.853 :                  o.s.t.c.cache - Spring test ApplicationContext cache statistics: [DefaultContextCache@663f237a size = 3, maxSize = 32, parentContextCount = 0, hitCount = 105, missCount = 3]
[DEBUG] 2023-08-23 01:08:34.853 : o.s.t.c.s.AbstractDirtiesContextTestExecutionListener - After test class: context [DefaultTestContext@1115be8c testClass = ProductApiTest, testInstance = [null], testMethod = [null], testException = [null], mergedContextConfiguration = [WebMergedContextConfiguration@1dfcf85a testClass = ProductApiTest, locations = '{}', classes = '{class com.api.ApiApplication}', contextInitializerClasses = '[]', activeProfiles = '{}', propertySourceLocations = '{}', propertySourceProperties = '{org.springframework.boot.test.context.SpringBootTestContextBootstrapper=true, server.port=0}', contextCustomizers = set[org.springframework.boot.test.autoconfigure.actuate.metrics.MetricsExportContextCustomizerFactory$DisableMetricExportContextCustomizer@27d4a09, org.springframework.boot.test.autoconfigure.properties.PropertyMappingContextCustomizer@0, org.springframework.boot.test.autoconfigure.web.servlet.WebDriverContextCustomizerFactory$Customizer@6c0d9d86, org.springframework.boot.test.context.filter.ExcludeFilterContextCustomizer@2250b9f2, org.springframework.boot.test.json.DuplicateJsonObjectContextCustomizerFactory$DuplicateJsonObjectContextCustomizer@142269f2, org.springframework.boot.test.mock.mockito.MockitoContextCustomizer@0, org.springframework.boot.test.web.client.TestRestTemplateContextCustomizer@37caecda, org.springframework.boot.test.context.SpringBootTestArgs@1, org.springframework.boot.test.context.SpringBootTestWebEnvironment@25084a1e], resourceBasePath = 'src/main/webapp', contextLoader = 'org.springframework.boot.test.context.SpringBootContextLoader', parent = [null]], attributes = map['org.springframework.test.context.web.ServletTestExecutionListener.activateListener' -> false, 'org.springframework.test.context.event.ApplicationEventsTestExecutionListener.recordApplicationEvents' -> false]], class annotated with @DirtiesContext [false] with mode [null].
]]></system-out>
  <system-err><![CDATA[]]></system-err>
</testsuite>
